<?xml version="1.0" encoding="UTF-8"?>
<testsuite name="com.narvar.GreetingControllerTests" tests="9" skipped="0" failures="0" errors="0" timestamp="2016-09-04T01:16:57" hostname="neeraj" time="0.65">
  <properties/>
  <testcase name="genericJsonResponseReq" classname="com.narvar.GreetingControllerTests" time="0.378"/>
  <testcase name="greetingJsonEx" classname="com.narvar.GreetingControllerTests" time="0.051"/>
  <testcase name="genericXmlResponseReq" classname="com.narvar.GreetingControllerTests" time="0.025"/>
  <testcase name="getGreetingException" classname="com.narvar.GreetingControllerTests" time="0.024"/>
  <testcase name="genericInvalidHandle" classname="com.narvar.GreetingControllerTests" time="0.024"/>
  <testcase name="getGreetingExcpPost" classname="com.narvar.GreetingControllerTests" time="0.023"/>
  <testcase name="genericMediaNotSupported" classname="com.narvar.GreetingControllerTests" time="0.04"/>
  <testcase name="gettingDefaulMessage" classname="com.narvar.GreetingControllerTests" time="0.036"/>
  <testcase name="genericBadRequest" classname="com.narvar.GreetingControllerTests" time="0.017"/>
  <system-out><![CDATA[21:16:53.055 [Test worker] DEBUG org.springframework.test.context.junit4.SpringJUnit4ClassRunner - SpringJUnit4ClassRunner constructor called with [class com.narvar.GreetingControllerTests]
21:16:53.064 [Test worker] DEBUG org.springframework.test.context.BootstrapUtils - Instantiating CacheAwareContextLoaderDelegate from class [org.springframework.test.context.cache.DefaultCacheAwareContextLoaderDelegate]
21:16:53.079 [Test worker] DEBUG org.springframework.test.context.BootstrapUtils - Instantiating BootstrapContext using constructor [public org.springframework.test.context.support.DefaultBootstrapContext(java.lang.Class,org.springframework.test.context.CacheAwareContextLoaderDelegate)]
21:16:53.115 [Test worker] DEBUG org.springframework.test.context.BootstrapUtils - Instantiating TestContextBootstrapper for test class [com.narvar.GreetingControllerTests] from class [org.springframework.boot.test.context.SpringBootTestContextBootstrapper]
21:16:53.135 [Test worker] INFO org.springframework.boot.test.context.SpringBootTestContextBootstrapper - Neither @ContextConfiguration nor @ContextHierarchy found for test class [com.narvar.GreetingControllerTests], using SpringBootContextLoader
21:16:53.143 [Test worker] DEBUG org.springframework.test.context.support.AbstractContextLoader - Did not detect default resource location for test class [com.narvar.GreetingControllerTests]: class path resource [com/narvar/GreetingControllerTests-context.xml] does not exist
21:16:53.144 [Test worker] DEBUG org.springframework.test.context.support.AbstractContextLoader - Did not detect default resource location for test class [com.narvar.GreetingControllerTests]: class path resource [com/narvar/GreetingControllerTestsContext.groovy] does not exist
21:16:53.144 [Test worker] INFO org.springframework.test.context.support.AbstractContextLoader - Could not detect default resource locations for test class [com.narvar.GreetingControllerTests]: no resource found for suffixes {-context.xml, Context.groovy}.
21:16:53.146 [Test worker] INFO org.springframework.test.context.support.AnnotationConfigContextLoaderUtils - Could not detect default configuration classes for test class [com.narvar.GreetingControllerTests]: GreetingControllerTests does not declare any static, non-private, non-final, nested classes annotated with @Configuration.
21:16:53.236 [Test worker] DEBUG org.springframework.test.context.support.ActiveProfilesUtils - Could not find an 'annotation declaring class' for annotation type [org.springframework.test.context.ActiveProfiles] and class [com.narvar.GreetingControllerTests]
21:16:53.303 [Test worker] DEBUG org.springframework.core.env.StandardEnvironment - Adding [systemProperties] PropertySource with lowest search precedence
21:16:53.303 [Test worker] DEBUG org.springframework.core.env.StandardEnvironment - Adding [systemEnvironment] PropertySource with lowest search precedence
21:16:53.304 [Test worker] DEBUG org.springframework.core.env.StandardEnvironment - Initialized StandardEnvironment with PropertySources [systemProperties,systemEnvironment]
21:16:53.320 [Test worker] DEBUG org.springframework.core.io.support.PathMatchingResourcePatternResolver - Resolved classpath location [com/narvar/] to resources [URL [file:/C:/Users/bhatt/git/spring_rest_exception_handler/build/classes/test/com/narvar/], URL [file:/C:/Users/bhatt/git/spring_rest_exception_handler/build/classes/main/com/narvar/]]
21:16:53.321 [Test worker] DEBUG org.springframework.core.io.support.PathMatchingResourcePatternResolver - Looking for matching resources in directory tree [C:\Users\bhatt\git\spring_rest_exception_handler\build\classes\test\com\narvar]
21:16:53.321 [Test worker] DEBUG org.springframework.core.io.support.PathMatchingResourcePatternResolver - Searching directory [C:\Users\bhatt\git\spring_rest_exception_handler\build\classes\test\com\narvar] for files matching pattern [C:/Users/bhatt/git/spring_rest_exception_handler/build/classes/test/com/narvar/*.class]
21:16:53.327 [Test worker] DEBUG org.springframework.core.io.support.PathMatchingResourcePatternResolver - Looking for matching resources in directory tree [C:\Users\bhatt\git\spring_rest_exception_handler\build\classes\main\com\narvar]
21:16:53.327 [Test worker] DEBUG org.springframework.core.io.support.PathMatchingResourcePatternResolver - Searching directory [C:\Users\bhatt\git\spring_rest_exception_handler\build\classes\main\com\narvar] for files matching pattern [C:/Users/bhatt/git/spring_rest_exception_handler/build/classes/main/com/narvar/*.class]
21:16:53.330 [Test worker] DEBUG org.springframework.core.io.support.PathMatchingResourcePatternResolver - Resolved location pattern [classpath*:com/narvar/*.class] to resources [file [C:\Users\bhatt\git\spring_rest_exception_handler\build\classes\test\com\narvar\GreetingControllerTests.class], file [C:\Users\bhatt\git\spring_rest_exception_handler\build\classes\main\com\narvar\Application.class]]
21:16:53.393 [Test worker] DEBUG org.springframework.context.annotation.ClassPathScanningCandidateComponentProvider - Identified candidate component class: file [C:\Users\bhatt\git\spring_rest_exception_handler\build\classes\main\com\narvar\Application.class]
21:16:53.396 [Test worker] INFO org.springframework.boot.test.context.SpringBootTestContextBootstrapper - Found @SpringBootConfiguration com.narvar.Application for test class com.narvar.GreetingControllerTests
21:16:53.406 [Test worker] DEBUG org.springframework.boot.test.context.SpringBootTestContextBootstrapper - @TestExecutionListeners is not present for class [com.narvar.GreetingControllerTests]: using defaults.
21:16:53.417 [Test worker] INFO org.springframework.boot.test.context.SpringBootTestContextBootstrapper - Loaded default TestExecutionListener class names from location [META-INF/spring.factories]: [org.springframework.boot.test.mock.mockito.MockitoTestExecutionListener, org.springframework.boot.test.mock.mockito.ResetMocksTestExecutionListener, org.springframework.boot.test.autoconfigure.AutoConfigureReportTestExecutionListener, org.springframework.boot.test.autoconfigure.restdocs.RestDocsTestExecutionListener, org.springframework.boot.test.autoconfigure.web.client.MockRestServiceServerResetTestExecutionListener, org.springframework.test.context.web.ServletTestExecutionListener, org.springframework.test.context.support.DirtiesContextBeforeModesTestExecutionListener, org.springframework.test.context.support.DependencyInjectionTestExecutionListener, org.springframework.test.context.support.DirtiesContextTestExecutionListener, org.springframework.test.context.transaction.TransactionalTestExecutionListener, org.springframework.test.context.jdbc.SqlScriptsTestExecutionListener]
21:16:53.428 [Test worker] INFO org.springframework.boot.test.context.SpringBootTestContextBootstrapper - Could not instantiate TestExecutionListener [org.springframework.test.context.transaction.TransactionalTestExecutionListener]. Specify custom listener classes or make the default listener classes (and their required dependencies) available. Offending class: [org/springframework/transaction/interceptor/TransactionAttributeSource]
21:16:53.431 [Test worker] INFO org.springframework.boot.test.context.SpringBootTestContextBootstrapper - Could not instantiate TestExecutionListener [org.springframework.test.context.jdbc.SqlScriptsTestExecutionListener]. Specify custom listener classes or make the default listener classes (and their required dependencies) available. Offending class: [org/springframework/transaction/interceptor/TransactionAttribute]
21:16:53.437 [Test worker] INFO org.springframework.boot.test.context.SpringBootTestContextBootstrapper - Using TestExecutionListeners: [org.springframework.test.context.web.ServletTestExecutionListener@312ccf15, org.springframework.test.context.support.DirtiesContextBeforeModesTestExecutionListener@3b470fac, org.springframework.boot.test.autoconfigure.AutoConfigureReportTestExecutionListener@41776de0, org.springframework.test.context.support.DependencyInjectionTestExecutionListener@5bc5cb74, org.springframework.test.context.support.DirtiesContextTestExecutionListener@cc6f37e, org.springframework.boot.test.mock.mockito.MockitoTestExecutionListener@f7fa725, org.springframework.boot.test.mock.mockito.ResetMocksTestExecutionListener@759dc347, org.springframework.boot.test.autoconfigure.web.client.MockRestServiceServerResetTestExecutionListener@7638eb, org.springframework.boot.test.autoconfigure.restdocs.RestDocsTestExecutionListener@3b106698]
21:16:53.441 [Test worker] DEBUG org.springframework.test.annotation.ProfileValueUtils - Retrieved @ProfileValueSourceConfiguration [null] for test class [com.narvar.GreetingControllerTests]
21:16:53.442 [Test worker] DEBUG org.springframework.test.annotation.ProfileValueUtils - Retrieved ProfileValueSource type [class org.springframework.test.annotation.SystemProfileValueSource] for class [com.narvar.GreetingControllerTests]
21:16:53.444 [Test worker] DEBUG org.springframework.test.annotation.ProfileValueUtils - Retrieved @ProfileValueSourceConfiguration [null] for test class [com.narvar.GreetingControllerTests]
21:16:53.444 [Test worker] DEBUG org.springframework.test.annotation.ProfileValueUtils - Retrieved ProfileValueSource type [class org.springframework.test.annotation.SystemProfileValueSource] for class [com.narvar.GreetingControllerTests]
21:16:53.455 [Test worker] DEBUG org.springframework.test.context.support.AbstractDirtiesContextTestExecutionListener - Before test class: context [DefaultTestContext@6d59cf3b testClass = GreetingControllerTests, testInstance = [null], testMethod = [null], testException = [null], mergedContextConfiguration = [WebMergedContextConfiguration@ba12360 testClass = GreetingControllerTests, locations = '{}', classes = '{class com.narvar.Application}', contextInitializerClasses = '[]', activeProfiles = '{}', propertySourceLocations = '{}', propertySourceProperties = '{org.springframework.boot.test.context.SpringBootTestContextBootstrapper=true}', contextCustomizers = set[org.springframework.boot.test.context.ImportsContextCustomizer@4996396a, org.springframework.boot.test.context.SpringBootTestContextCustomizer@6cc24891, org.springframework.boot.test.context.filter.ExcludeFilterContextCustomizer@563ade85, org.springframework.boot.test.mock.mockito.MockitoContextCustomizer@0, org.springframework.boot.test.autoconfigure.properties.PropertyMappingContextCustomizer@83816547], resourceBasePath = 'src/main/webapp', contextLoader = 'org.springframework.boot.test.context.SpringBootContextLoader', parent = [null]]], class annotated with @DirtiesContext [false] with mode [null].
21:16:53.458 [Test worker] DEBUG org.springframework.test.annotation.ProfileValueUtils - Retrieved @ProfileValueSourceConfiguration [null] for test class [com.narvar.GreetingControllerTests]
21:16:53.458 [Test worker] DEBUG org.springframework.test.annotation.ProfileValueUtils - Retrieved ProfileValueSource type [class org.springframework.test.annotation.SystemProfileValueSource] for class [com.narvar.GreetingControllerTests]
21:16:53.503 [Test worker] DEBUG org.springframework.core.env.StandardEnvironment - Adding [systemProperties] PropertySource with lowest search precedence
21:16:53.504 [Test worker] DEBUG org.springframework.core.env.StandardEnvironment - Adding [systemEnvironment] PropertySource with lowest search precedence
21:16:53.504 [Test worker] DEBUG org.springframework.core.env.StandardEnvironment - Initialized StandardEnvironment with PropertySources [systemProperties,systemEnvironment]
21:16:53.505 [Test worker] DEBUG org.springframework.test.context.support.TestPropertySourceUtils - Adding inlined properties to environment: {spring.jmx.enabled=false, org.springframework.boot.test.context.SpringBootTestContextBootstrapper=true, server.port=-1}
21:16:53.506 [Test worker] DEBUG org.springframework.core.env.StandardEnvironment - Adding [Inlined Test Properties] PropertySource with highest search precedence

  .   ____          _            __ _ _
 /\\ / ___'_ __ _ _(_)_ __  __ _ \ \ \ \
( ( )\___ | '_ | '_| | '_ \/ _` | \ \ \ \
 \\/  ___)| |_)| | | | | || (_| |  ) ) ) )
  '  |____| .__|_| |_|_| |_\__, | / / / /
 =========|_|==============|___/=/_/_/_/
 :: Spring Boot ::        (v1.4.0.RELEASE)

2016-09-03 21:16:54.151  INFO 1432 --- [    Test worker] com.narvar.GreetingControllerTests       : Starting GreetingControllerTests on neeraj with PID 1432 (started by admin in C:\Users\bhatt\git\spring_rest_exception_handler)
2016-09-03 21:16:54.153  INFO 1432 --- [    Test worker] com.narvar.GreetingControllerTests       : No active profile set, falling back to default profiles: default
2016-09-03 21:16:54.538  INFO 1432 --- [    Test worker] o.s.w.c.s.GenericWebApplicationContext   : Refreshing org.springframework.web.context.support.GenericWebApplicationContext@76047400: startup date [Sat Sep 03 21:16:54 EDT 2016]; root of context hierarchy
2016-09-03 21:16:56.292  INFO 1432 --- [    Test worker] o.s.b.t.m.w.SpringBootMockServletContext : Initializing Spring FrameworkServlet ''
2016-09-03 21:16:56.293  INFO 1432 --- [    Test worker] o.s.t.web.servlet.TestDispatcherServlet  : FrameworkServlet '': initialization started
2016-09-03 21:16:56.605  INFO 1432 --- [    Test worker] s.w.s.m.m.a.RequestMappingHandlerMapping : Mapped "{[/greetingEx],methods=[GET]}" onto public com.narvar.controllers.Greeting com.narvar.controllers.GreetingController.greeting() throws java.lang.Exception
2016-09-03 21:16:56.607  INFO 1432 --- [    Test worker] s.w.s.m.m.a.RequestMappingHandlerMapping : Mapped "{[/greeting],methods=[GET]}" onto public com.narvar.controllers.Greeting com.narvar.controllers.GreetingController.greeting(java.lang.String) throws java.lang.Exception
2016-09-03 21:16:56.607  INFO 1432 --- [    Test worker] s.w.s.m.m.a.RequestMappingHandlerMapping : Mapped "{[/greetingPost],methods=[POST],consumes=[application/json || application/xml],produces=[application/json || application/xml]}" onto public org.springframework.http.ResponseEntity<java.lang.Object> com.narvar.controllers.GreetingController.getGreetingPost(java.util.Map<java.lang.String, java.lang.Object>,java.util.Map<java.lang.String, java.lang.Object>,java.util.Map<java.lang.String, java.lang.Object>,javax.servlet.http.HttpServletRequest) throws java.lang.Throwable
2016-09-03 21:16:56.608  INFO 1432 --- [    Test worker] s.w.s.m.m.a.RequestMappingHandlerMapping : Mapped "{[/jsonRequestEx],methods=[POST]}" onto public org.springframework.http.ResponseEntity<java.lang.Object> com.narvar.controllers.GreetingController.geJsonExcetion(java.util.Map<java.lang.String, java.lang.Object>,java.util.Map<java.lang.String, java.lang.Object>,java.util.Map<java.lang.String, java.lang.Object>,javax.servlet.http.HttpServletRequest) throws java.lang.Throwable
2016-09-03 21:16:56.608  INFO 1432 --- [    Test worker] s.w.s.m.m.a.RequestMappingHandlerMapping : Mapped "{[/jsonRequest],methods=[GET]}" onto public org.springframework.http.ResponseEntity<java.lang.Object> com.narvar.controllers.GreetingController.getGgreetingRes(java.util.Map<java.lang.String, java.lang.Object>,java.util.Map<java.lang.String, java.lang.Object>,java.util.Map<java.lang.String, java.lang.Object>,javax.servlet.http.HttpServletRequest) throws java.lang.Throwable
2016-09-03 21:16:56.609  INFO 1432 --- [    Test worker] s.w.s.m.m.a.RequestMappingHandlerMapping : Mapped "{[/xmlRequestEx],methods=[POST]}" onto public org.springframework.http.ResponseEntity<java.lang.Object> com.narvar.controllers.GreetingController.getGgreetingResXmlEx(java.util.Map<java.lang.String, java.lang.Object>,java.util.Map<java.lang.String, java.lang.Object>,java.util.Map<java.lang.String, java.lang.Object>,javax.servlet.http.HttpServletRequest) throws java.lang.Throwable
2016-09-03 21:16:56.609  INFO 1432 --- [    Test worker] s.w.s.m.m.a.RequestMappingHandlerMapping : Mapped "{[/greetingException],methods=[POST]}" onto public com.narvar.controllers.Greeting com.narvar.controllers.GreetingController.postGreetingMessage() throws java.lang.Exception
2016-09-03 21:16:56.610  INFO 1432 --- [    Test worker] s.w.s.m.m.a.RequestMappingHandlerMapping : Mapped "{[/xmlRequest],methods=[GET]}" onto public org.springframework.http.ResponseEntity<java.lang.Object> com.narvar.controllers.GreetingController.getGgreetingResXml(java.util.Map<java.lang.String, java.lang.Object>,java.util.Map<java.lang.String, java.lang.Object>,java.util.Map<java.lang.String, java.lang.Object>,javax.servlet.http.HttpServletRequest) throws java.lang.Throwable
2016-09-03 21:16:56.615  INFO 1432 --- [    Test worker] s.w.s.m.m.a.RequestMappingHandlerMapping : Mapped "{[/error]}" onto public org.springframework.http.ResponseEntity<java.util.Map<java.lang.String, java.lang.Object>> org.springframework.boot.autoconfigure.web.BasicErrorController.error(javax.servlet.http.HttpServletRequest)
2016-09-03 21:16:56.615  INFO 1432 --- [    Test worker] s.w.s.m.m.a.RequestMappingHandlerMapping : Mapped "{[/error],produces=[text/html]}" onto public org.springframework.web.servlet.ModelAndView org.springframework.boot.autoconfigure.web.BasicErrorController.errorHtml(javax.servlet.http.HttpServletRequest,javax.servlet.http.HttpServletResponse)
2016-09-03 21:16:56.691  INFO 1432 --- [    Test worker] o.s.w.s.handler.SimpleUrlHandlerMapping  : Mapped URL path [/webjars/**] onto handler of type [class org.springframework.web.servlet.resource.ResourceHttpRequestHandler]
2016-09-03 21:16:56.693  INFO 1432 --- [    Test worker] o.s.w.s.handler.SimpleUrlHandlerMapping  : Mapped URL path [/**] onto handler of type [class org.springframework.web.servlet.resource.ResourceHttpRequestHandler]
2016-09-03 21:16:56.740  INFO 1432 --- [    Test worker] o.s.w.s.handler.SimpleUrlHandlerMapping  : Mapped URL path [/**/favicon.ico] onto handler of type [class org.springframework.web.servlet.resource.ResourceHttpRequestHandler]
2016-09-03 21:16:56.807  INFO 1432 --- [    Test worker] s.w.s.m.m.a.RequestMappingHandlerAdapter : Looking for @ControllerAdvice: org.springframework.web.context.support.GenericWebApplicationContext@76047400: startup date [Sat Sep 03 21:16:54 EDT 2016]; root of context hierarchy
2016-09-03 21:16:56.891  INFO 1432 --- [    Test worker] .m.m.a.ExceptionHandlerExceptionResolver : Detected @ExceptionHandler methods in globalExceptionHandler
2016-09-03 21:16:57.023  INFO 1432 --- [    Test worker] o.s.t.web.servlet.TestDispatcherServlet  : FrameworkServlet '': initialization completed in 730 ms
2016-09-03 21:16:57.507  INFO 1432 --- [    Test worker] com.narvar.GreetingControllerTests       : Started GreetingControllerTests in 3.987 seconds (JVM running for 5.346)

MockHttpServletRequest:
      HTTP Method = GET
      Request URI = /jsonRequest
       Parameters = {}
          Headers = {}

Handler:
             Type = com.narvar.controllers.GreetingController
           Method = public org.springframework.http.ResponseEntity<java.lang.Object> com.narvar.controllers.GreetingController.getGgreetingRes(java.util.Map<java.lang.String, java.lang.Object>,java.util.Map<java.lang.String, java.lang.Object>,java.util.Map<java.lang.String, java.lang.Object>,javax.servlet.http.HttpServletRequest) throws java.lang.Throwable

Async:
    Async started = false
     Async result = null

Resolved Exception:
             Type = null

ModelAndView:
        View name = null
             View = null
            Model = null

FlashMap:
       Attributes = null

MockHttpServletResponse:
           Status = 200
    Error message = null
          Headers = {Content-Type=[application/json;charset=UTF-8]}
     Content type = application/json;charset=UTF-8
             Body = {"LName":"Second Nmae","FName":"FirtName"}
    Forwarded URL = null
   Redirected URL = null
          Cookies = []

MockHttpServletRequest:
      HTTP Method = GET
      Request URI = /jsonRequest
       Parameters = {}
          Headers = {}

Handler:
             Type = com.narvar.controllers.GreetingController
           Method = public org.springframework.http.ResponseEntity<java.lang.Object> com.narvar.controllers.GreetingController.getGgreetingRes(java.util.Map<java.lang.String, java.lang.Object>,java.util.Map<java.lang.String, java.lang.Object>,java.util.Map<java.lang.String, java.lang.Object>,javax.servlet.http.HttpServletRequest) throws java.lang.Throwable

Async:
    Async started = false
     Async result = null

Resolved Exception:
             Type = null

ModelAndView:
        View name = null
             View = null
            Model = null

FlashMap:
       Attributes = null

MockHttpServletResponse:
           Status = 200
    Error message = null
          Headers = {Content-Type=[application/json;charset=UTF-8]}
     Content type = application/json;charset=UTF-8
             Body = {"LName":"Second Nmae","FName":"FirtName"}
    Forwarded URL = null
   Redirected URL = null
          Cookies = []
2016-09-03 21:16:57.923  INFO 1432 --- [    Test worker] c.n.e.handle.GlobalExceptionHandler      : org.springframework.web.HttpMediaTypeNotSupportedException

MockHttpServletRequest:
      HTTP Method = POST
      Request URI = /jsonRequestEx
       Parameters = {}
          Headers = {}

Handler:
             Type = com.narvar.controllers.GreetingController
           Method = public org.springframework.http.ResponseEntity<java.lang.Object> com.narvar.controllers.GreetingController.geJsonExcetion(java.util.Map<java.lang.String, java.lang.Object>,java.util.Map<java.lang.String, java.lang.Object>,java.util.Map<java.lang.String, java.lang.Object>,javax.servlet.http.HttpServletRequest) throws java.lang.Throwable

Async:
    Async started = false
     Async result = null

Resolved Exception:
             Type = org.springframework.web.HttpMediaTypeNotSupportedException

ModelAndView:
        View name = null
             View = null
            Model = null

FlashMap:
       Attributes = null

MockHttpServletResponse:
           Status = 415
    Error message = null
          Headers = {Content-Type=[application/json;charset=UTF-8]}
     Content type = application/json;charset=UTF-8
             Body = {"status":"UNSUPPORTED_MEDIA_TYPE","message":"Media Type Not Supproted Exception","errors":["GlobalExceptionHandler reported >>Application only Supports JSON/XML content type"]}
    Forwarded URL = null
   Redirected URL = null
          Cookies = []

MockHttpServletRequest:
      HTTP Method = POST
      Request URI = /jsonRequestEx
       Parameters = {}
          Headers = {}

Handler:
             Type = com.narvar.controllers.GreetingController
           Method = public org.springframework.http.ResponseEntity<java.lang.Object> com.narvar.controllers.GreetingController.geJsonExcetion(java.util.Map<java.lang.String, java.lang.Object>,java.util.Map<java.lang.String, java.lang.Object>,java.util.Map<java.lang.String, java.lang.Object>,javax.servlet.http.HttpServletRequest) throws java.lang.Throwable

Async:
    Async started = false
     Async result = null

Resolved Exception:
             Type = org.springframework.web.HttpMediaTypeNotSupportedException

ModelAndView:
        View name = null
             View = null
            Model = null

FlashMap:
       Attributes = null

MockHttpServletResponse:
           Status = 415
    Error message = null
          Headers = {Content-Type=[application/json;charset=UTF-8]}
     Content type = application/json;charset=UTF-8
             Body = {"status":"UNSUPPORTED_MEDIA_TYPE","message":"Media Type Not Supproted Exception","errors":["GlobalExceptionHandler reported >>Application only Supports JSON/XML content type"]}
    Forwarded URL = null
   Redirected URL = null
          Cookies = []
2016-09-03 21:16:57.974  INFO 1432 --- [    Test worker] c.n.e.handle.GlobalExceptionHandler      : org.springframework.web.servlet.NoHandlerFoundException

MockHttpServletRequest:
      HTTP Method = POST
      Request URI = /xmlRequestEx
       Parameters = {}
          Headers = {}

Handler:
             Type = com.narvar.controllers.GreetingController
           Method = public org.springframework.http.ResponseEntity<java.lang.Object> com.narvar.controllers.GreetingController.getGgreetingResXmlEx(java.util.Map<java.lang.String, java.lang.Object>,java.util.Map<java.lang.String, java.lang.Object>,java.util.Map<java.lang.String, java.lang.Object>,javax.servlet.http.HttpServletRequest) throws java.lang.Throwable

Async:
    Async started = false
     Async result = null

Resolved Exception:
             Type = org.springframework.web.servlet.NoHandlerFoundException

ModelAndView:
        View name = null
             View = null
            Model = null

FlashMap:
       Attributes = null

MockHttpServletResponse:
           Status = 404
    Error message = null
          Headers = {Content-Type=[application/json;charset=UTF-8]}
     Content type = application/json;charset=UTF-8
             Body = {"status":"NOT_FOUND","message":"No handler found for No handleException /xmlRequestEx","errors":["No handler found for No handleException /xmlRequestEx"]}
    Forwarded URL = null
   Redirected URL = null
          Cookies = []

MockHttpServletRequest:
      HTTP Method = POST
      Request URI = /xmlRequestEx
       Parameters = {}
          Headers = {}

Handler:
             Type = com.narvar.controllers.GreetingController
           Method = public org.springframework.http.ResponseEntity<java.lang.Object> com.narvar.controllers.GreetingController.getGgreetingResXmlEx(java.util.Map<java.lang.String, java.lang.Object>,java.util.Map<java.lang.String, java.lang.Object>,java.util.Map<java.lang.String, java.lang.Object>,javax.servlet.http.HttpServletRequest) throws java.lang.Throwable

Async:
    Async started = false
     Async result = null

Resolved Exception:
             Type = org.springframework.web.servlet.NoHandlerFoundException

ModelAndView:
        View name = null
             View = null
            Model = null

FlashMap:
       Attributes = null

MockHttpServletResponse:
           Status = 404
    Error message = null
          Headers = {Content-Type=[application/json;charset=UTF-8]}
     Content type = application/json;charset=UTF-8
             Body = {"status":"NOT_FOUND","message":"No handler found for No handleException /xmlRequestEx","errors":["No handler found for No handleException /xmlRequestEx"]}
    Forwarded URL = null
   Redirected URL = null
          Cookies = []

MockHttpServletRequest:
      HTTP Method = GET
      Request URI = /greetingEx
       Parameters = {}
          Headers = {}

Handler:
             Type = com.narvar.controllers.GreetingController
           Method = public com.narvar.controllers.Greeting com.narvar.controllers.GreetingController.greeting() throws java.lang.Exception

Async:
    Async started = false
     Async result = null

Resolved Exception:
             Type = com.narvar.exceptions.types.RestGenericException

ModelAndView:
        View name = null
             View = null
            Model = null

FlashMap:
       Attributes = null

MockHttpServletResponse:
           Status = 500
    Error message = null
          Headers = {Content-Type=[application/json;charset=UTF-8]}
     Content type = application/json;charset=UTF-8
             Body = {"status":"INTERNAL_SERVER_ERROR","message":"greetingEx mapping ->throws  Mapping Excetpion","errors":["GlobalExceptionHandler reported>>Internal Server While request processing"]}
    Forwarded URL = null
   Redirected URL = null
          Cookies = []

MockHttpServletRequest:
      HTTP Method = GET
      Request URI = /greetingEx
       Parameters = {}
          Headers = {}

Handler:
             Type = com.narvar.controllers.GreetingController
           Method = public com.narvar.controllers.Greeting com.narvar.controllers.GreetingController.greeting() throws java.lang.Exception

Async:
    Async started = false
     Async result = null

Resolved Exception:
             Type = com.narvar.exceptions.types.RestGenericException

ModelAndView:
        View name = null
             View = null
            Model = null

FlashMap:
       Attributes = null

MockHttpServletResponse:
           Status = 500
    Error message = null
          Headers = {Content-Type=[application/json;charset=UTF-8]}
     Content type = application/json;charset=UTF-8
             Body = {"status":"INTERNAL_SERVER_ERROR","message":"greetingEx mapping ->throws  Mapping Excetpion","errors":["GlobalExceptionHandler reported>>Internal Server While request processing"]}
    Forwarded URL = null
   Redirected URL = null
          Cookies = []
2016-09-03 21:16:58.036  WARN 1432 --- [    Test worker] o.s.web.servlet.PageNotFound             : Request method 'POST' not supported

MockHttpServletRequest:
      HTTP Method = POST
      Request URI = /jsonRequest
       Parameters = {}
          Headers = {}

Handler:
             Type = null

Async:
    Async started = false
     Async result = null

Resolved Exception:
             Type = org.springframework.web.HttpRequestMethodNotSupportedException

ModelAndView:
        View name = null
             View = null
            Model = null

FlashMap:
       Attributes = null

MockHttpServletResponse:
           Status = 405
    Error message = null
          Headers = {Allow=[GET]}
     Content type = null
             Body = 
    Forwarded URL = null
   Redirected URL = null
          Cookies = []

MockHttpServletRequest:
      HTTP Method = POST
      Request URI = /jsonRequest
       Parameters = {}
          Headers = {}

Handler:
             Type = null

Async:
    Async started = false
     Async result = null

Resolved Exception:
             Type = org.springframework.web.HttpRequestMethodNotSupportedException

ModelAndView:
        View name = null
             View = null
            Model = null

FlashMap:
       Attributes = null

MockHttpServletResponse:
           Status = 405
    Error message = null
          Headers = {Allow=[GET]}
     Content type = null
             Body = 
    Forwarded URL = null
   Redirected URL = null
          Cookies = []

MockHttpServletRequest:
      HTTP Method = POST
      Request URI = /greetingException
       Parameters = {}
          Headers = {}

Handler:
             Type = com.narvar.controllers.GreetingController
           Method = public com.narvar.controllers.Greeting com.narvar.controllers.GreetingController.postGreetingMessage() throws java.lang.Exception

Async:
    Async started = false
     Async result = null

Resolved Exception:
             Type = com.narvar.exceptions.types.RestGenericException

ModelAndView:
        View name = null
             View = null
            Model = null

FlashMap:
       Attributes = null

MockHttpServletResponse:
           Status = 500
    Error message = null
          Headers = {Content-Type=[application/json;charset=UTF-8]}
     Content type = application/json;charset=UTF-8
             Body = {"status":"INTERNAL_SERVER_ERROR","message":"postGreetingMessage() -> throws RestGeneric Exception POST","errors":["GlobalExceptionHandler reported>>Internal Server While request processing"]}
    Forwarded URL = null
   Redirected URL = null
          Cookies = []

MockHttpServletRequest:
      HTTP Method = POST
      Request URI = /greetingException
       Parameters = {}
          Headers = {}

Handler:
             Type = com.narvar.controllers.GreetingController
           Method = public com.narvar.controllers.Greeting com.narvar.controllers.GreetingController.postGreetingMessage() throws java.lang.Exception

Async:
    Async started = false
     Async result = null

Resolved Exception:
             Type = com.narvar.exceptions.types.RestGenericException

ModelAndView:
        View name = null
             View = null
            Model = null

FlashMap:
       Attributes = null

MockHttpServletResponse:
           Status = 500
    Error message = null
          Headers = {Content-Type=[application/json;charset=UTF-8]}
     Content type = application/json;charset=UTF-8
             Body = {"status":"INTERNAL_SERVER_ERROR","message":"postGreetingMessage() -> throws RestGeneric Exception POST","errors":["GlobalExceptionHandler reported>>Internal Server While request processing"]}
    Forwarded URL = null
   Redirected URL = null
          Cookies = []
2016-09-03 21:16:58.114  INFO 1432 --- [    Test worker] c.n.e.handle.GlobalExceptionHandler      : org.springframework.web.HttpMediaTypeNotSupportedException

MockHttpServletRequest:
      HTTP Method = POST
      Request URI = /greetingPost
       Parameters = {}
          Headers = {Content-Type=[application/x-www-form-urlencoded;charset=UTF-8]}

Handler:
             Type = null

Async:
    Async started = false
     Async result = null

Resolved Exception:
             Type = org.springframework.web.HttpMediaTypeNotSupportedException

ModelAndView:
        View name = null
             View = null
            Model = null

FlashMap:
       Attributes = null

MockHttpServletResponse:
           Status = 415
    Error message = null
          Headers = {Content-Type=[application/json;charset=UTF-8]}
     Content type = application/json;charset=UTF-8
             Body = {"status":"UNSUPPORTED_MEDIA_TYPE","message":"Content type 'application/x-www-form-urlencoded' not supported","errors":["GlobalExceptionHandler reported >>Application only Supports JSON/XML content type"]}
    Forwarded URL = null
   Redirected URL = null
          Cookies = []

MockHttpServletRequest:
      HTTP Method = POST
      Request URI = /greetingPost
       Parameters = {}
          Headers = {Content-Type=[application/x-www-form-urlencoded;charset=UTF-8]}

Handler:
             Type = null

Async:
    Async started = false
     Async result = null

Resolved Exception:
             Type = org.springframework.web.HttpMediaTypeNotSupportedException

ModelAndView:
        View name = null
             View = null
            Model = null

FlashMap:
       Attributes = null

MockHttpServletResponse:
           Status = 415
    Error message = null
          Headers = {Content-Type=[application/json;charset=UTF-8]}
     Content type = application/json;charset=UTF-8
             Body = {"status":"UNSUPPORTED_MEDIA_TYPE","message":"Content type 'application/x-www-form-urlencoded' not supported","errors":["GlobalExceptionHandler reported >>Application only Supports JSON/XML content type"]}
    Forwarded URL = null
   Redirected URL = null
          Cookies = []

MockHttpServletRequest:
      HTTP Method = GET
      Request URI = /greeting
       Parameters = {}
          Headers = {}

Handler:
             Type = com.narvar.controllers.GreetingController
           Method = public com.narvar.controllers.Greeting com.narvar.controllers.GreetingController.greeting(java.lang.String) throws java.lang.Exception

Async:
    Async started = false
     Async result = null

Resolved Exception:
             Type = null

ModelAndView:
        View name = null
             View = null
            Model = null

FlashMap:
       Attributes = null

MockHttpServletResponse:
           Status = 200
    Error message = null
          Headers = {Content-Type=[application/json;charset=UTF-8]}
     Content type = application/json;charset=UTF-8
             Body = {"id":1,"content":"Hello, World!"}
    Forwarded URL = null
   Redirected URL = null
          Cookies = []

MockHttpServletRequest:
      HTTP Method = GET
      Request URI = /greeting
       Parameters = {}
          Headers = {}

Handler:
             Type = com.narvar.controllers.GreetingController
           Method = public com.narvar.controllers.Greeting com.narvar.controllers.GreetingController.greeting(java.lang.String) throws java.lang.Exception

Async:
    Async started = false
     Async result = null

Resolved Exception:
             Type = null

ModelAndView:
        View name = null
             View = null
            Model = null

FlashMap:
       Attributes = null

MockHttpServletResponse:
           Status = 200
    Error message = null
          Headers = {Content-Type=[application/json;charset=UTF-8]}
     Content type = application/json;charset=UTF-8
             Body = {"id":1,"content":"Hello, World!"}
    Forwarded URL = null
   Redirected URL = null
          Cookies = []

MockHttpServletRequest:
      HTTP Method = GET
      Request URI = /jsonRequest/123
       Parameters = {}
          Headers = {}

Handler:
             Type = org.springframework.web.servlet.resource.ResourceHttpRequestHandler

Async:
    Async started = false
     Async result = null

Resolved Exception:
             Type = null

ModelAndView:
        View name = null
             View = null
            Model = null

FlashMap:
       Attributes = null

MockHttpServletResponse:
           Status = 404
    Error message = null
          Headers = {}
     Content type = null
             Body = 
    Forwarded URL = null
   Redirected URL = null
          Cookies = []

MockHttpServletRequest:
      HTTP Method = GET
      Request URI = /jsonRequest/123
       Parameters = {}
          Headers = {}

Handler:
             Type = org.springframework.web.servlet.resource.ResourceHttpRequestHandler

Async:
    Async started = false
     Async result = null

Resolved Exception:
             Type = null

ModelAndView:
        View name = null
             View = null
            Model = null

FlashMap:
       Attributes = null

MockHttpServletResponse:
           Status = 404
    Error message = null
          Headers = {}
     Content type = null
             Body = 
    Forwarded URL = null
   Redirected URL = null
          Cookies = []
]]></system-out>
  <system-err><![CDATA[]]></system-err>
</testsuite>
