<?xml version="1.0" encoding="UTF-8"?>
<testsuite name="com.narvar.GreetingControllerTests" tests="9" skipped="0" failures="0" errors="0" timestamp="2016-09-03T17:04:33" hostname="neeraj" time="0.853">
  <properties/>
  <testcase name="genericJsonResponseReq" classname="com.narvar.GreetingControllerTests" time="0.349"/>
  <testcase name="greetingJsonEx" classname="com.narvar.GreetingControllerTests" time="0.094"/>
  <testcase name="genericXmlResponseReq" classname="com.narvar.GreetingControllerTests" time="0.074"/>
  <testcase name="getGreetingException" classname="com.narvar.GreetingControllerTests" time="0.082"/>
  <testcase name="genericInvalidHandle" classname="com.narvar.GreetingControllerTests" time="0.09"/>
  <testcase name="getGreetingExcpPost" classname="com.narvar.GreetingControllerTests" time="0.045"/>
  <testcase name="genericMediaNotSupported" classname="com.narvar.GreetingControllerTests" time="0.021"/>
  <testcase name="gettingDefaulMessage" classname="com.narvar.GreetingControllerTests" time="0.031"/>
  <testcase name="genericBadRequest" classname="com.narvar.GreetingControllerTests" time="0.028"/>
  <system-out><![CDATA[13:04:29.352 [Test worker] DEBUG org.springframework.test.context.junit4.SpringJUnit4ClassRunner - SpringJUnit4ClassRunner constructor called with [class com.narvar.GreetingControllerTests]
13:04:29.361 [Test worker] DEBUG org.springframework.test.context.BootstrapUtils - Instantiating CacheAwareContextLoaderDelegate from class [org.springframework.test.context.cache.DefaultCacheAwareContextLoaderDelegate]
13:04:29.375 [Test worker] DEBUG org.springframework.test.context.BootstrapUtils - Instantiating BootstrapContext using constructor [public org.springframework.test.context.support.DefaultBootstrapContext(java.lang.Class,org.springframework.test.context.CacheAwareContextLoaderDelegate)]
13:04:29.411 [Test worker] DEBUG org.springframework.test.context.BootstrapUtils - Instantiating TestContextBootstrapper for test class [com.narvar.GreetingControllerTests] from class [org.springframework.boot.test.context.SpringBootTestContextBootstrapper]
13:04:29.429 [Test worker] INFO org.springframework.boot.test.context.SpringBootTestContextBootstrapper - Neither @ContextConfiguration nor @ContextHierarchy found for test class [com.narvar.GreetingControllerTests], using SpringBootContextLoader
13:04:29.434 [Test worker] DEBUG org.springframework.test.context.support.AbstractContextLoader - Did not detect default resource location for test class [com.narvar.GreetingControllerTests]: class path resource [com/narvar/GreetingControllerTests-context.xml] does not exist
13:04:29.435 [Test worker] DEBUG org.springframework.test.context.support.AbstractContextLoader - Did not detect default resource location for test class [com.narvar.GreetingControllerTests]: class path resource [com/narvar/GreetingControllerTestsContext.groovy] does not exist
13:04:29.435 [Test worker] INFO org.springframework.test.context.support.AbstractContextLoader - Could not detect default resource locations for test class [com.narvar.GreetingControllerTests]: no resource found for suffixes {-context.xml, Context.groovy}.
13:04:29.436 [Test worker] INFO org.springframework.test.context.support.AnnotationConfigContextLoaderUtils - Could not detect default configuration classes for test class [com.narvar.GreetingControllerTests]: GreetingControllerTests does not declare any static, non-private, non-final, nested classes annotated with @Configuration.
13:04:29.504 [Test worker] DEBUG org.springframework.test.context.support.ActiveProfilesUtils - Could not find an 'annotation declaring class' for annotation type [org.springframework.test.context.ActiveProfiles] and class [com.narvar.GreetingControllerTests]
13:04:29.572 [Test worker] DEBUG org.springframework.core.env.StandardEnvironment - Adding [systemProperties] PropertySource with lowest search precedence
13:04:29.573 [Test worker] DEBUG org.springframework.core.env.StandardEnvironment - Adding [systemEnvironment] PropertySource with lowest search precedence
13:04:29.574 [Test worker] DEBUG org.springframework.core.env.StandardEnvironment - Initialized StandardEnvironment with PropertySources [systemProperties,systemEnvironment]
13:04:29.592 [Test worker] DEBUG org.springframework.core.io.support.PathMatchingResourcePatternResolver - Resolved classpath location [com/narvar/] to resources [URL [file:/C:/Users/bhatt/git/spring_rest_exception_handler/build/classes/test/com/narvar/], URL [file:/C:/Users/bhatt/git/spring_rest_exception_handler/build/classes/main/com/narvar/]]
13:04:29.594 [Test worker] DEBUG org.springframework.core.io.support.PathMatchingResourcePatternResolver - Looking for matching resources in directory tree [C:\Users\bhatt\git\spring_rest_exception_handler\build\classes\test\com\narvar]
13:04:29.595 [Test worker] DEBUG org.springframework.core.io.support.PathMatchingResourcePatternResolver - Searching directory [C:\Users\bhatt\git\spring_rest_exception_handler\build\classes\test\com\narvar] for files matching pattern [C:/Users/bhatt/git/spring_rest_exception_handler/build/classes/test/com/narvar/*.class]
13:04:29.601 [Test worker] DEBUG org.springframework.core.io.support.PathMatchingResourcePatternResolver - Looking for matching resources in directory tree [C:\Users\bhatt\git\spring_rest_exception_handler\build\classes\main\com\narvar]
13:04:29.601 [Test worker] DEBUG org.springframework.core.io.support.PathMatchingResourcePatternResolver - Searching directory [C:\Users\bhatt\git\spring_rest_exception_handler\build\classes\main\com\narvar] for files matching pattern [C:/Users/bhatt/git/spring_rest_exception_handler/build/classes/main/com/narvar/*.class]
13:04:29.604 [Test worker] DEBUG org.springframework.core.io.support.PathMatchingResourcePatternResolver - Resolved location pattern [classpath*:com/narvar/*.class] to resources [file [C:\Users\bhatt\git\spring_rest_exception_handler\build\classes\test\com\narvar\GreetingControllerTests.class], file [C:\Users\bhatt\git\spring_rest_exception_handler\build\classes\main\com\narvar\Application.class]]
13:04:29.671 [Test worker] DEBUG org.springframework.context.annotation.ClassPathScanningCandidateComponentProvider - Identified candidate component class: file [C:\Users\bhatt\git\spring_rest_exception_handler\build\classes\main\com\narvar\Application.class]
13:04:29.673 [Test worker] INFO org.springframework.boot.test.context.SpringBootTestContextBootstrapper - Found @SpringBootConfiguration com.narvar.Application for test class com.narvar.GreetingControllerTests
13:04:29.679 [Test worker] DEBUG org.springframework.boot.test.context.SpringBootTestContextBootstrapper - @TestExecutionListeners is not present for class [com.narvar.GreetingControllerTests]: using defaults.
13:04:29.686 [Test worker] INFO org.springframework.boot.test.context.SpringBootTestContextBootstrapper - Loaded default TestExecutionListener class names from location [META-INF/spring.factories]: [org.springframework.boot.test.mock.mockito.MockitoTestExecutionListener, org.springframework.boot.test.mock.mockito.ResetMocksTestExecutionListener, org.springframework.boot.test.autoconfigure.AutoConfigureReportTestExecutionListener, org.springframework.boot.test.autoconfigure.restdocs.RestDocsTestExecutionListener, org.springframework.boot.test.autoconfigure.web.client.MockRestServiceServerResetTestExecutionListener, org.springframework.test.context.web.ServletTestExecutionListener, org.springframework.test.context.support.DirtiesContextBeforeModesTestExecutionListener, org.springframework.test.context.support.DependencyInjectionTestExecutionListener, org.springframework.test.context.support.DirtiesContextTestExecutionListener, org.springframework.test.context.transaction.TransactionalTestExecutionListener, org.springframework.test.context.jdbc.SqlScriptsTestExecutionListener]
13:04:29.694 [Test worker] INFO org.springframework.boot.test.context.SpringBootTestContextBootstrapper - Could not instantiate TestExecutionListener [org.springframework.test.context.transaction.TransactionalTestExecutionListener]. Specify custom listener classes or make the default listener classes (and their required dependencies) available. Offending class: [org/springframework/transaction/interceptor/TransactionAttributeSource]
13:04:29.702 [Test worker] INFO org.springframework.boot.test.context.SpringBootTestContextBootstrapper - Could not instantiate TestExecutionListener [org.springframework.test.context.jdbc.SqlScriptsTestExecutionListener]. Specify custom listener classes or make the default listener classes (and their required dependencies) available. Offending class: [org/springframework/transaction/interceptor/TransactionAttribute]
13:04:29.705 [Test worker] INFO org.springframework.boot.test.context.SpringBootTestContextBootstrapper - Using TestExecutionListeners: [org.springframework.test.context.web.ServletTestExecutionListener@1f55485a, org.springframework.test.context.support.DirtiesContextBeforeModesTestExecutionListener@967b8f2, org.springframework.boot.test.autoconfigure.AutoConfigureReportTestExecutionListener@d484fd4, org.springframework.test.context.support.DependencyInjectionTestExecutionListener@75f39afc, org.springframework.test.context.support.DirtiesContextTestExecutionListener@40d11b80, org.springframework.boot.test.autoconfigure.restdocs.RestDocsTestExecutionListener@74c59b40, org.springframework.boot.test.mock.mockito.ResetMocksTestExecutionListener@3b3c5ce3, org.springframework.boot.test.autoconfigure.web.client.MockRestServiceServerResetTestExecutionListener@52f10502, org.springframework.boot.test.mock.mockito.MockitoTestExecutionListener@1a3409c7]
13:04:29.713 [Test worker] DEBUG org.springframework.test.annotation.ProfileValueUtils - Retrieved @ProfileValueSourceConfiguration [null] for test class [com.narvar.GreetingControllerTests]
13:04:29.715 [Test worker] DEBUG org.springframework.test.annotation.ProfileValueUtils - Retrieved ProfileValueSource type [class org.springframework.test.annotation.SystemProfileValueSource] for class [com.narvar.GreetingControllerTests]
13:04:29.718 [Test worker] DEBUG org.springframework.test.annotation.ProfileValueUtils - Retrieved @ProfileValueSourceConfiguration [null] for test class [com.narvar.GreetingControllerTests]
13:04:29.718 [Test worker] DEBUG org.springframework.test.annotation.ProfileValueUtils - Retrieved ProfileValueSource type [class org.springframework.test.annotation.SystemProfileValueSource] for class [com.narvar.GreetingControllerTests]
13:04:29.727 [Test worker] DEBUG org.springframework.test.context.support.AbstractDirtiesContextTestExecutionListener - Before test class: context [DefaultTestContext@4eab6554 testClass = GreetingControllerTests, testInstance = [null], testMethod = [null], testException = [null], mergedContextConfiguration = [WebMergedContextConfiguration@5adeee9a testClass = GreetingControllerTests, locations = '{}', classes = '{class com.narvar.Application}', contextInitializerClasses = '[]', activeProfiles = '{}', propertySourceLocations = '{}', propertySourceProperties = '{org.springframework.boot.test.context.SpringBootTestContextBootstrapper=true}', contextCustomizers = set[org.springframework.boot.test.context.ImportsContextCustomizer@74f01f5b, org.springframework.boot.test.context.SpringBootTestContextCustomizer@459acf2e, org.springframework.boot.test.context.filter.ExcludeFilterContextCustomizer@b1368ed, org.springframework.boot.test.mock.mockito.MockitoContextCustomizer@0, org.springframework.boot.test.autoconfigure.properties.PropertyMappingContextCustomizer@83816547], resourceBasePath = 'src/main/webapp', contextLoader = 'org.springframework.boot.test.context.SpringBootContextLoader', parent = [null]]], class annotated with @DirtiesContext [false] with mode [null].
13:04:29.728 [Test worker] DEBUG org.springframework.test.annotation.ProfileValueUtils - Retrieved @ProfileValueSourceConfiguration [null] for test class [com.narvar.GreetingControllerTests]
13:04:29.729 [Test worker] DEBUG org.springframework.test.annotation.ProfileValueUtils - Retrieved ProfileValueSource type [class org.springframework.test.annotation.SystemProfileValueSource] for class [com.narvar.GreetingControllerTests]
13:04:29.787 [Test worker] DEBUG org.springframework.core.env.StandardEnvironment - Adding [systemProperties] PropertySource with lowest search precedence
13:04:29.788 [Test worker] DEBUG org.springframework.core.env.StandardEnvironment - Adding [systemEnvironment] PropertySource with lowest search precedence
13:04:29.788 [Test worker] DEBUG org.springframework.core.env.StandardEnvironment - Initialized StandardEnvironment with PropertySources [systemProperties,systemEnvironment]
13:04:29.790 [Test worker] DEBUG org.springframework.test.context.support.TestPropertySourceUtils - Adding inlined properties to environment: {spring.jmx.enabled=false, org.springframework.boot.test.context.SpringBootTestContextBootstrapper=true, server.port=-1}
13:04:29.791 [Test worker] DEBUG org.springframework.core.env.StandardEnvironment - Adding [Inlined Test Properties] PropertySource with highest search precedence

  .   ____          _            __ _ _
 /\\ / ___'_ __ _ _(_)_ __  __ _ \ \ \ \
( ( )\___ | '_ | '_| | '_ \/ _` | \ \ \ \
 \\/  ___)| |_)| | | | | || (_| |  ) ) ) )
  '  |____| .__|_| |_|_| |_\__, | / / / /
 =========|_|==============|___/=/_/_/_/
 :: Spring Boot ::        (v1.4.0.RELEASE)

2016-09-03 13:04:30.308  INFO 4568 --- [    Test worker] com.narvar.GreetingControllerTests       : Starting GreetingControllerTests on neeraj with PID 4568 (started by admin in C:\Users\bhatt\git\spring_rest_exception_handler)
2016-09-03 13:04:30.310  INFO 4568 --- [    Test worker] com.narvar.GreetingControllerTests       : No active profile set, falling back to default profiles: default
2016-09-03 13:04:30.709  INFO 4568 --- [    Test worker] o.s.w.c.s.GenericWebApplicationContext   : Refreshing org.springframework.web.context.support.GenericWebApplicationContext@6115bf5: startup date [Sat Sep 03 13:04:30 EDT 2016]; root of context hierarchy
2016-09-03 13:04:32.099  INFO 4568 --- [    Test worker] o.s.b.t.m.w.SpringBootMockServletContext : Initializing Spring FrameworkServlet ''
2016-09-03 13:04:32.100  INFO 4568 --- [    Test worker] o.s.t.web.servlet.TestDispatcherServlet  : FrameworkServlet '': initialization started
2016-09-03 13:04:32.359  INFO 4568 --- [    Test worker] s.w.s.m.m.a.RequestMappingHandlerMapping : Mapped "{[/xmlRequest],methods=[GET]}" onto public org.springframework.http.ResponseEntity<java.lang.Object> com.narvar.controllers.GreetingController.getGgreetingResXml(java.util.Map<java.lang.String, java.lang.Object>,java.util.Map<java.lang.String, java.lang.Object>,java.util.Map<java.lang.String, java.lang.Object>,javax.servlet.http.HttpServletRequest) throws java.lang.Throwable
2016-09-03 13:04:32.360  INFO 4568 --- [    Test worker] s.w.s.m.m.a.RequestMappingHandlerMapping : Mapped "{[/greetingException],methods=[POST]}" onto public com.narvar.controllers.Greeting com.narvar.controllers.GreetingController.postGreetingMessage() throws java.lang.Exception
2016-09-03 13:04:32.361  INFO 4568 --- [    Test worker] s.w.s.m.m.a.RequestMappingHandlerMapping : Mapped "{[/xmlRequestEx],methods=[POST]}" onto public org.springframework.http.ResponseEntity<java.lang.Object> com.narvar.controllers.GreetingController.getGgreetingResXmlEx(java.util.Map<java.lang.String, java.lang.Object>,java.util.Map<java.lang.String, java.lang.Object>,java.util.Map<java.lang.String, java.lang.Object>,javax.servlet.http.HttpServletRequest) throws java.lang.Throwable
2016-09-03 13:04:32.362  INFO 4568 --- [    Test worker] s.w.s.m.m.a.RequestMappingHandlerMapping : Mapped "{[/greeting],methods=[GET]}" onto public com.narvar.controllers.Greeting com.narvar.controllers.GreetingController.greeting(java.lang.String) throws java.lang.Exception
2016-09-03 13:04:32.362  INFO 4568 --- [    Test worker] s.w.s.m.m.a.RequestMappingHandlerMapping : Mapped "{[/greetingEx],methods=[GET]}" onto public com.narvar.controllers.Greeting com.narvar.controllers.GreetingController.greeting() throws java.lang.Exception
2016-09-03 13:04:32.363  INFO 4568 --- [    Test worker] s.w.s.m.m.a.RequestMappingHandlerMapping : Mapped "{[/greetingPost],methods=[POST],consumes=[application/json || application/xml],produces=[application/json || application/xml]}" onto public org.springframework.http.ResponseEntity<java.lang.Object> com.narvar.controllers.GreetingController.getGreetingPost(java.util.Map<java.lang.String, java.lang.Object>,java.util.Map<java.lang.String, java.lang.Object>,java.util.Map<java.lang.String, java.lang.Object>,javax.servlet.http.HttpServletRequest) throws java.lang.Throwable
2016-09-03 13:04:32.363  INFO 4568 --- [    Test worker] s.w.s.m.m.a.RequestMappingHandlerMapping : Mapped "{[/jsonRequest],methods=[GET]}" onto public org.springframework.http.ResponseEntity<java.lang.Object> com.narvar.controllers.GreetingController.getGgreetingRes(java.util.Map<java.lang.String, java.lang.Object>,java.util.Map<java.lang.String, java.lang.Object>,java.util.Map<java.lang.String, java.lang.Object>,javax.servlet.http.HttpServletRequest) throws java.lang.Throwable
2016-09-03 13:04:32.363  INFO 4568 --- [    Test worker] s.w.s.m.m.a.RequestMappingHandlerMapping : Mapped "{[/jsonRequestEx],methods=[POST]}" onto public org.springframework.http.ResponseEntity<java.lang.Object> com.narvar.controllers.GreetingController.geJsonExcetion(java.util.Map<java.lang.String, java.lang.Object>,java.util.Map<java.lang.String, java.lang.Object>,java.util.Map<java.lang.String, java.lang.Object>,javax.servlet.http.HttpServletRequest) throws java.lang.Throwable
2016-09-03 13:04:32.367  INFO 4568 --- [    Test worker] s.w.s.m.m.a.RequestMappingHandlerMapping : Mapped "{[/error]}" onto public org.springframework.http.ResponseEntity<java.util.Map<java.lang.String, java.lang.Object>> org.springframework.boot.autoconfigure.web.BasicErrorController.error(javax.servlet.http.HttpServletRequest)
2016-09-03 13:04:32.367  INFO 4568 --- [    Test worker] s.w.s.m.m.a.RequestMappingHandlerMapping : Mapped "{[/error],produces=[text/html]}" onto public org.springframework.web.servlet.ModelAndView org.springframework.boot.autoconfigure.web.BasicErrorController.errorHtml(javax.servlet.http.HttpServletRequest,javax.servlet.http.HttpServletResponse)
2016-09-03 13:04:32.401  INFO 4568 --- [    Test worker] o.s.w.s.handler.SimpleUrlHandlerMapping  : Mapped URL path [/webjars/**] onto handler of type [class org.springframework.web.servlet.resource.ResourceHttpRequestHandler]
2016-09-03 13:04:32.401  INFO 4568 --- [    Test worker] o.s.w.s.handler.SimpleUrlHandlerMapping  : Mapped URL path [/**] onto handler of type [class org.springframework.web.servlet.resource.ResourceHttpRequestHandler]
2016-09-03 13:04:32.418  INFO 4568 --- [    Test worker] o.s.w.s.handler.SimpleUrlHandlerMapping  : Mapped URL path [/**/favicon.ico] onto handler of type [class org.springframework.web.servlet.resource.ResourceHttpRequestHandler]
2016-09-03 13:04:32.461  INFO 4568 --- [    Test worker] s.w.s.m.m.a.RequestMappingHandlerAdapter : Looking for @ControllerAdvice: org.springframework.web.context.support.GenericWebApplicationContext@6115bf5: startup date [Sat Sep 03 13:04:30 EDT 2016]; root of context hierarchy
2016-09-03 13:04:32.532  INFO 4568 --- [    Test worker] .m.m.a.ExceptionHandlerExceptionResolver : Detected @ExceptionHandler methods in globalExceptionHandler
2016-09-03 13:04:32.626  INFO 4568 --- [    Test worker] o.s.t.web.servlet.TestDispatcherServlet  : FrameworkServlet '': initialization completed in 526 ms
2016-09-03 13:04:33.079  INFO 4568 --- [    Test worker] com.narvar.GreetingControllerTests       : Started GreetingControllerTests in 3.272 seconds (JVM running for 4.547)

MockHttpServletRequest:
      HTTP Method = GET
      Request URI = /jsonRequest
       Parameters = {}
          Headers = {}

Handler:
             Type = com.narvar.controllers.GreetingController
           Method = public org.springframework.http.ResponseEntity<java.lang.Object> com.narvar.controllers.GreetingController.getGgreetingRes(java.util.Map<java.lang.String, java.lang.Object>,java.util.Map<java.lang.String, java.lang.Object>,java.util.Map<java.lang.String, java.lang.Object>,javax.servlet.http.HttpServletRequest) throws java.lang.Throwable

Async:
    Async started = false
     Async result = null

Resolved Exception:
             Type = null

ModelAndView:
        View name = null
             View = null
            Model = null

FlashMap:
       Attributes = null

MockHttpServletResponse:
           Status = 200
    Error message = null
          Headers = {Content-Type=[application/json;charset=UTF-8]}
     Content type = application/json;charset=UTF-8
             Body = {"LName":"Second Nmae","FName":"FirtName"}
    Forwarded URL = null
   Redirected URL = null
          Cookies = []

MockHttpServletRequest:
      HTTP Method = GET
      Request URI = /jsonRequest
       Parameters = {}
          Headers = {}

Handler:
             Type = com.narvar.controllers.GreetingController
           Method = public org.springframework.http.ResponseEntity<java.lang.Object> com.narvar.controllers.GreetingController.getGgreetingRes(java.util.Map<java.lang.String, java.lang.Object>,java.util.Map<java.lang.String, java.lang.Object>,java.util.Map<java.lang.String, java.lang.Object>,javax.servlet.http.HttpServletRequest) throws java.lang.Throwable

Async:
    Async started = false
     Async result = null

Resolved Exception:
             Type = null

ModelAndView:
        View name = null
             View = null
            Model = null

FlashMap:
       Attributes = null

MockHttpServletResponse:
           Status = 200
    Error message = null
          Headers = {Content-Type=[application/json;charset=UTF-8]}
     Content type = application/json;charset=UTF-8
             Body = {"LName":"Second Nmae","FName":"FirtName"}
    Forwarded URL = null
   Redirected URL = null
          Cookies = []
2016-09-03 13:04:33.456  INFO 4568 --- [    Test worker] c.n.e.handle.GlobalExceptionHandler      : org.springframework.web.HttpMediaTypeNotSupportedException

MockHttpServletRequest:
      HTTP Method = POST
      Request URI = /jsonRequestEx
       Parameters = {}
          Headers = {}

Handler:
             Type = com.narvar.controllers.GreetingController
           Method = public org.springframework.http.ResponseEntity<java.lang.Object> com.narvar.controllers.GreetingController.geJsonExcetion(java.util.Map<java.lang.String, java.lang.Object>,java.util.Map<java.lang.String, java.lang.Object>,java.util.Map<java.lang.String, java.lang.Object>,javax.servlet.http.HttpServletRequest) throws java.lang.Throwable

Async:
    Async started = false
     Async result = null

Resolved Exception:
             Type = org.springframework.web.HttpMediaTypeNotSupportedException

ModelAndView:
        View name = null
             View = null
            Model = null

FlashMap:
       Attributes = null

MockHttpServletResponse:
           Status = 415
    Error message = null
          Headers = {Content-Type=[application/json;charset=UTF-8]}
     Content type = application/json;charset=UTF-8
             Body = {"status":"UNSUPPORTED_MEDIA_TYPE","message":"Media Type Not Supproted Exception","errors":["null media type is not supported. Supported media types ar"]}
    Forwarded URL = null
   Redirected URL = null
          Cookies = []

MockHttpServletRequest:
      HTTP Method = POST
      Request URI = /jsonRequestEx
       Parameters = {}
          Headers = {}

Handler:
             Type = com.narvar.controllers.GreetingController
           Method = public org.springframework.http.ResponseEntity<java.lang.Object> com.narvar.controllers.GreetingController.geJsonExcetion(java.util.Map<java.lang.String, java.lang.Object>,java.util.Map<java.lang.String, java.lang.Object>,java.util.Map<java.lang.String, java.lang.Object>,javax.servlet.http.HttpServletRequest) throws java.lang.Throwable

Async:
    Async started = false
     Async result = null

Resolved Exception:
             Type = org.springframework.web.HttpMediaTypeNotSupportedException

ModelAndView:
        View name = null
             View = null
            Model = null

FlashMap:
       Attributes = null

MockHttpServletResponse:
           Status = 415
    Error message = null
          Headers = {Content-Type=[application/json;charset=UTF-8]}
     Content type = application/json;charset=UTF-8
             Body = {"status":"UNSUPPORTED_MEDIA_TYPE","message":"Media Type Not Supproted Exception","errors":["null media type is not supported. Supported media types ar"]}
    Forwarded URL = null
   Redirected URL = null
          Cookies = []
2016-09-03 13:04:33.558  INFO 4568 --- [    Test worker] c.n.e.handle.GlobalExceptionHandler      : org.springframework.web.servlet.NoHandlerFoundException

MockHttpServletRequest:
      HTTP Method = POST
      Request URI = /xmlRequestEx
       Parameters = {}
          Headers = {}

Handler:
             Type = com.narvar.controllers.GreetingController
           Method = public org.springframework.http.ResponseEntity<java.lang.Object> com.narvar.controllers.GreetingController.getGgreetingResXmlEx(java.util.Map<java.lang.String, java.lang.Object>,java.util.Map<java.lang.String, java.lang.Object>,java.util.Map<java.lang.String, java.lang.Object>,javax.servlet.http.HttpServletRequest) throws java.lang.Throwable

Async:
    Async started = false
     Async result = null

Resolved Exception:
             Type = org.springframework.web.servlet.NoHandlerFoundException

ModelAndView:
        View name = null
             View = null
            Model = null

FlashMap:
       Attributes = null

MockHttpServletResponse:
           Status = 404
    Error message = null
          Headers = {Content-Type=[application/json;charset=UTF-8]}
     Content type = application/json;charset=UTF-8
             Body = {"status":"NOT_FOUND","message":"No handler found for No handleException /xmlRequestEx","errors":["No handler found for No handleException /xmlRequestEx"]}
    Forwarded URL = null
   Redirected URL = null
          Cookies = []

MockHttpServletRequest:
      HTTP Method = POST
      Request URI = /xmlRequestEx
       Parameters = {}
          Headers = {}

Handler:
             Type = com.narvar.controllers.GreetingController
           Method = public org.springframework.http.ResponseEntity<java.lang.Object> com.narvar.controllers.GreetingController.getGgreetingResXmlEx(java.util.Map<java.lang.String, java.lang.Object>,java.util.Map<java.lang.String, java.lang.Object>,java.util.Map<java.lang.String, java.lang.Object>,javax.servlet.http.HttpServletRequest) throws java.lang.Throwable

Async:
    Async started = false
     Async result = null

Resolved Exception:
             Type = org.springframework.web.servlet.NoHandlerFoundException

ModelAndView:
        View name = null
             View = null
            Model = null

FlashMap:
       Attributes = null

MockHttpServletResponse:
           Status = 404
    Error message = null
          Headers = {Content-Type=[application/json;charset=UTF-8]}
     Content type = application/json;charset=UTF-8
             Body = {"status":"NOT_FOUND","message":"No handler found for No handleException /xmlRequestEx","errors":["No handler found for No handleException /xmlRequestEx"]}
    Forwarded URL = null
   Redirected URL = null
          Cookies = []
2016-09-03 13:04:33.637  INFO 4568 --- [    Test worker] c.n.e.handle.GlobalExceptionHandler      : java.lang.Exception
2016-09-03 13:04:33.645 ERROR 4568 --- [    Test worker] c.n.e.handle.GlobalExceptionHandler      : error

java.lang.Exception: method to throw the exception handledd by Exception handler
	at com.narvar.controllers.GreetingController.greeting(GreetingController.java:49) ~[main/:na]
	at sun.reflect.NativeMethodAccessorImpl.invoke0(Native Method) ~[na:1.8.0_102]
	at sun.reflect.NativeMethodAccessorImpl.invoke(NativeMethodAccessorImpl.java:62) ~[na:1.8.0_102]
	at sun.reflect.DelegatingMethodAccessorImpl.invoke(DelegatingMethodAccessorImpl.java:43) ~[na:1.8.0_102]
	at java.lang.reflect.Method.invoke(Method.java:498) ~[na:1.8.0_102]
	at org.springframework.web.method.support.InvocableHandlerMethod.doInvoke(InvocableHandlerMethod.java:221) ~[spring-web-4.3.2.RELEASE.jar:4.3.2.RELEASE]
	at org.springframework.web.method.support.InvocableHandlerMethod.invokeForRequest(InvocableHandlerMethod.java:136) ~[spring-web-4.3.2.RELEASE.jar:4.3.2.RELEASE]
	at org.springframework.web.servlet.mvc.method.annotation.ServletInvocableHandlerMethod.invokeAndHandle(ServletInvocableHandlerMethod.java:114) ~[spring-webmvc-4.3.2.RELEASE.jar:4.3.2.RELEASE]
	at org.springframework.web.servlet.mvc.method.annotation.RequestMappingHandlerAdapter.invokeHandlerMethod(RequestMappingHandlerAdapter.java:827) ~[spring-webmvc-4.3.2.RELEASE.jar:4.3.2.RELEASE]
	at org.springframework.web.servlet.mvc.method.annotation.RequestMappingHandlerAdapter.handleInternal(RequestMappingHandlerAdapter.java:738) ~[spring-webmvc-4.3.2.RELEASE.jar:4.3.2.RELEASE]
	at org.springframework.web.servlet.mvc.method.AbstractHandlerMethodAdapter.handle(AbstractHandlerMethodAdapter.java:85) ~[spring-webmvc-4.3.2.RELEASE.jar:4.3.2.RELEASE]
	at org.springframework.web.servlet.DispatcherServlet.doDispatch(DispatcherServlet.java:963) ~[spring-webmvc-4.3.2.RELEASE.jar:4.3.2.RELEASE]
	at org.springframework.web.servlet.DispatcherServlet.doService(DispatcherServlet.java:897) ~[spring-webmvc-4.3.2.RELEASE.jar:4.3.2.RELEASE]
	at org.springframework.web.servlet.FrameworkServlet.processRequest(FrameworkServlet.java:970) [spring-webmvc-4.3.2.RELEASE.jar:4.3.2.RELEASE]
	at org.springframework.web.servlet.FrameworkServlet.doGet(FrameworkServlet.java:861) [spring-webmvc-4.3.2.RELEASE.jar:4.3.2.RELEASE]
	at javax.servlet.http.HttpServlet.service(HttpServlet.java:622) ~[tomcat-embed-core-8.5.4.jar:8.5.4]
	at org.springframework.web.servlet.FrameworkServlet.service(FrameworkServlet.java:846) [spring-webmvc-4.3.2.RELEASE.jar:4.3.2.RELEASE]
	at org.springframework.test.web.servlet.TestDispatcherServlet.service(TestDispatcherServlet.java:65) [spring-test-4.3.2.RELEASE.jar:4.3.2.RELEASE]
	at javax.servlet.http.HttpServlet.service(HttpServlet.java:729) ~[tomcat-embed-core-8.5.4.jar:8.5.4]
	at org.springframework.mock.web.MockFilterChain$ServletFilterProxy.doFilter(MockFilterChain.java:167) [spring-test-4.3.2.RELEASE.jar:4.3.2.RELEASE]
	at org.springframework.mock.web.MockFilterChain.doFilter(MockFilterChain.java:134) [spring-test-4.3.2.RELEASE.jar:4.3.2.RELEASE]
	at org.springframework.web.filter.RequestContextFilter.doFilterInternal(RequestContextFilter.java:99) [spring-web-4.3.2.RELEASE.jar:4.3.2.RELEASE]
	at org.springframework.web.filter.OncePerRequestFilter.doFilter(OncePerRequestFilter.java:107) [spring-web-4.3.2.RELEASE.jar:4.3.2.RELEASE]
	at org.springframework.mock.web.MockFilterChain.doFilter(MockFilterChain.java:134) [spring-test-4.3.2.RELEASE.jar:4.3.2.RELEASE]
	at org.springframework.web.filter.HttpPutFormContentFilter.doFilterInternal(HttpPutFormContentFilter.java:87) [spring-web-4.3.2.RELEASE.jar:4.3.2.RELEASE]
	at org.springframework.web.filter.OncePerRequestFilter.doFilter(OncePerRequestFilter.java:107) [spring-web-4.3.2.RELEASE.jar:4.3.2.RELEASE]
	at org.springframework.mock.web.MockFilterChain.doFilter(MockFilterChain.java:134) [spring-test-4.3.2.RELEASE.jar:4.3.2.RELEASE]
	at org.springframework.web.filter.HiddenHttpMethodFilter.doFilterInternal(HiddenHttpMethodFilter.java:77) [spring-web-4.3.2.RELEASE.jar:4.3.2.RELEASE]
	at org.springframework.web.filter.OncePerRequestFilter.doFilter(OncePerRequestFilter.java:107) [spring-web-4.3.2.RELEASE.jar:4.3.2.RELEASE]
	at org.springframework.mock.web.MockFilterChain.doFilter(MockFilterChain.java:134) [spring-test-4.3.2.RELEASE.jar:4.3.2.RELEASE]
	at org.springframework.web.filter.CharacterEncodingFilter.doFilterInternal(CharacterEncodingFilter.java:197) [spring-web-4.3.2.RELEASE.jar:4.3.2.RELEASE]
	at org.springframework.web.filter.OncePerRequestFilter.doFilter(OncePerRequestFilter.java:107) [spring-web-4.3.2.RELEASE.jar:4.3.2.RELEASE]
	at org.springframework.mock.web.MockFilterChain.doFilter(MockFilterChain.java:134) [spring-test-4.3.2.RELEASE.jar:4.3.2.RELEASE]
	at org.springframework.test.web.servlet.MockMvc.perform(MockMvc.java:155) [spring-test-4.3.2.RELEASE.jar:4.3.2.RELEASE]
	at com.narvar.GreetingControllerTests.getGreetingException(GreetingControllerTests.java:37) [test/:na]
	at sun.reflect.NativeMethodAccessorImpl.invoke0(Native Method) ~[na:1.8.0_102]
	at sun.reflect.NativeMethodAccessorImpl.invoke(NativeMethodAccessorImpl.java:62) ~[na:1.8.0_102]
	at sun.reflect.DelegatingMethodAccessorImpl.invoke(DelegatingMethodAccessorImpl.java:43) ~[na:1.8.0_102]
	at java.lang.reflect.Method.invoke(Method.java:498) ~[na:1.8.0_102]
	at org.junit.runners.model.FrameworkMethod$1.runReflectiveCall(FrameworkMethod.java:50) [junit-4.12.jar:4.12]
	at org.junit.internal.runners.model.ReflectiveCallable.run(ReflectiveCallable.java:12) [junit-4.12.jar:4.12]
	at org.junit.runners.model.FrameworkMethod.invokeExplosively(FrameworkMethod.java:47) [junit-4.12.jar:4.12]
	at org.junit.internal.runners.statements.InvokeMethod.evaluate(InvokeMethod.java:17) [junit-4.12.jar:4.12]
	at org.springframework.test.context.junit4.statements.RunBeforeTestMethodCallbacks.evaluate(RunBeforeTestMethodCallbacks.java:75) [spring-test-4.3.2.RELEASE.jar:4.3.2.RELEASE]
	at org.springframework.test.context.junit4.statements.RunAfterTestMethodCallbacks.evaluate(RunAfterTestMethodCallbacks.java:86) [spring-test-4.3.2.RELEASE.jar:4.3.2.RELEASE]
	at org.springframework.test.context.junit4.statements.SpringRepeat.evaluate(SpringRepeat.java:84) [spring-test-4.3.2.RELEASE.jar:4.3.2.RELEASE]
	at org.junit.runners.ParentRunner.runLeaf(ParentRunner.java:325) [junit-4.12.jar:4.12]
	at org.springframework.test.context.junit4.SpringJUnit4ClassRunner.runChild(SpringJUnit4ClassRunner.java:252) [spring-test-4.3.2.RELEASE.jar:4.3.2.RELEASE]
	at org.springframework.test.context.junit4.SpringJUnit4ClassRunner.runChild(SpringJUnit4ClassRunner.java:94) [spring-test-4.3.2.RELEASE.jar:4.3.2.RELEASE]
	at org.junit.runners.ParentRunner$3.run(ParentRunner.java:290) [junit-4.12.jar:4.12]
	at org.junit.runners.ParentRunner$1.schedule(ParentRunner.java:71) [junit-4.12.jar:4.12]
	at org.junit.runners.ParentRunner.runChildren(ParentRunner.java:288) [junit-4.12.jar:4.12]
	at org.junit.runners.ParentRunner.access$000(ParentRunner.java:58) [junit-4.12.jar:4.12]
	at org.junit.runners.ParentRunner$2.evaluate(ParentRunner.java:268) [junit-4.12.jar:4.12]
	at org.springframework.test.context.junit4.statements.RunBeforeTestClassCallbacks.evaluate(RunBeforeTestClassCallbacks.java:61) [spring-test-4.3.2.RELEASE.jar:4.3.2.RELEASE]
	at org.springframework.test.context.junit4.statements.RunAfterTestClassCallbacks.evaluate(RunAfterTestClassCallbacks.java:70) [spring-test-4.3.2.RELEASE.jar:4.3.2.RELEASE]
	at org.junit.runners.ParentRunner.run(ParentRunner.java:363) [junit-4.12.jar:4.12]
	at org.springframework.test.context.junit4.SpringJUnit4ClassRunner.run(SpringJUnit4ClassRunner.java:191) [spring-test-4.3.2.RELEASE.jar:4.3.2.RELEASE]
	at org.gradle.api.internal.tasks.testing.junit.JUnitTestClassExecuter.runTestClass(JUnitTestClassExecuter.java:112) [gradle-testing-jvm-2.13.jar:2.13]
	at org.gradle.api.internal.tasks.testing.junit.JUnitTestClassExecuter.execute(JUnitTestClassExecuter.java:56) [gradle-testing-jvm-2.13.jar:2.13]
	at org.gradle.api.internal.tasks.testing.junit.JUnitTestClassProcessor.processTestClass(JUnitTestClassProcessor.java:66) [gradle-testing-jvm-2.13.jar:2.13]
	at org.gradle.api.internal.tasks.testing.SuiteTestClassProcessor.processTestClass(SuiteTestClassProcessor.java:51) [gradle-testing-base-2.13.jar:2.13]
	at sun.reflect.NativeMethodAccessorImpl.invoke0(Native Method) ~[na:1.8.0_102]
	at sun.reflect.NativeMethodAccessorImpl.invoke(NativeMethodAccessorImpl.java:62) ~[na:1.8.0_102]
	at sun.reflect.DelegatingMethodAccessorImpl.invoke(DelegatingMethodAccessorImpl.java:43) ~[na:1.8.0_102]
	at java.lang.reflect.Method.invoke(Method.java:498) ~[na:1.8.0_102]
	at org.gradle.messaging.dispatch.ReflectionDispatch.dispatch(ReflectionDispatch.java:35) [gradle-messaging-2.13.jar:2.13]
	at org.gradle.messaging.dispatch.ReflectionDispatch.dispatch(ReflectionDispatch.java:24) [gradle-messaging-2.13.jar:2.13]
	at org.gradle.messaging.dispatch.ContextClassLoaderDispatch.dispatch(ContextClassLoaderDispatch.java:32) [gradle-messaging-2.13.jar:2.13]
	at org.gradle.messaging.dispatch.ProxyDispatchAdapter$DispatchingInvocationHandler.invoke(ProxyDispatchAdapter.java:93) [gradle-messaging-2.13.jar:2.13]
	at com.sun.proxy.$Proxy2.processTestClass(Unknown Source) [na:na]
	at org.gradle.api.internal.tasks.testing.worker.TestWorker.processTestClass(TestWorker.java:109) [gradle-testing-base-2.13.jar:2.13]
	at sun.reflect.NativeMethodAccessorImpl.invoke0(Native Method) ~[na:1.8.0_102]
	at sun.reflect.NativeMethodAccessorImpl.invoke(NativeMethodAccessorImpl.java:62) ~[na:1.8.0_102]
	at sun.reflect.DelegatingMethodAccessorImpl.invoke(DelegatingMethodAccessorImpl.java:43) ~[na:1.8.0_102]
	at java.lang.reflect.Method.invoke(Method.java:498) ~[na:1.8.0_102]
	at org.gradle.messaging.dispatch.ReflectionDispatch.dispatch(ReflectionDispatch.java:35) [gradle-messaging-2.13.jar:2.13]
	at org.gradle.messaging.dispatch.ReflectionDispatch.dispatch(ReflectionDispatch.java:24) [gradle-messaging-2.13.jar:2.13]
	at org.gradle.messaging.remote.internal.hub.MessageHub$Handler.run(MessageHub.java:364) [gradle-messaging-2.13.jar:2.13]
	at org.gradle.internal.concurrent.ExecutorPolicy$CatchAndRecordFailures.onExecute(ExecutorPolicy.java:54) [gradle-base-services-2.13.jar:2.13]
	at org.gradle.internal.concurrent.StoppableExecutorImpl$1.run(StoppableExecutorImpl.java:40) [gradle-base-services-2.13.jar:2.13]
	at java.util.concurrent.ThreadPoolExecutor.runWorker(ThreadPoolExecutor.java:1142) [na:1.8.0_102]
	at java.util.concurrent.ThreadPoolExecutor$Worker.run(ThreadPoolExecutor.java:617) [na:1.8.0_102]
	at java.lang.Thread.run(Thread.java:745) [na:1.8.0_102]


MockHttpServletRequest:
      HTTP Method = GET
      Request URI = /greetingEx
       Parameters = {}
          Headers = {}

Handler:
             Type = com.narvar.controllers.GreetingController
           Method = public com.narvar.controllers.Greeting com.narvar.controllers.GreetingController.greeting() throws java.lang.Exception

Async:
    Async started = false
     Async result = null

Resolved Exception:
             Type = java.lang.Exception

ModelAndView:
        View name = null
             View = null
            Model = null

FlashMap:
       Attributes = null

MockHttpServletResponse:
           Status = 500
    Error message = null
          Headers = {Content-Type=[application/json;charset=UTF-8]}
     Content type = application/json;charset=UTF-8
             Body = {"status":"INTERNAL_SERVER_ERROR","message":"method to throw the exception handledd by Exception handler","errors":["Internal Server Error occured"]}
    Forwarded URL = null
   Redirected URL = null
          Cookies = []

MockHttpServletRequest:
      HTTP Method = GET
      Request URI = /greetingEx
       Parameters = {}
          Headers = {}

Handler:
             Type = com.narvar.controllers.GreetingController
           Method = public com.narvar.controllers.Greeting com.narvar.controllers.GreetingController.greeting() throws java.lang.Exception

Async:
    Async started = false
     Async result = null

Resolved Exception:
             Type = java.lang.Exception

ModelAndView:
        View name = null
             View = null
            Model = null

FlashMap:
       Attributes = null

MockHttpServletResponse:
           Status = 500
    Error message = null
          Headers = {Content-Type=[application/json;charset=UTF-8]}
     Content type = application/json;charset=UTF-8
             Body = {"status":"INTERNAL_SERVER_ERROR","message":"method to throw the exception handledd by Exception handler","errors":["Internal Server Error occured"]}
    Forwarded URL = null
   Redirected URL = null
          Cookies = []
2016-09-03 13:04:33.738  WARN 4568 --- [    Test worker] o.s.web.servlet.PageNotFound             : Request method 'POST' not supported

MockHttpServletRequest:
      HTTP Method = POST
      Request URI = /jsonRequest
       Parameters = {}
          Headers = {}

Handler:
             Type = null

Async:
    Async started = false
     Async result = null

Resolved Exception:
             Type = org.springframework.web.HttpRequestMethodNotSupportedException

ModelAndView:
        View name = null
             View = null
            Model = null

FlashMap:
       Attributes = null

MockHttpServletResponse:
           Status = 405
    Error message = Request method 'POST' not supported
          Headers = {Allow=[GET]}
     Content type = null
             Body = 
    Forwarded URL = null
   Redirected URL = null
          Cookies = []

MockHttpServletRequest:
      HTTP Method = POST
      Request URI = /jsonRequest
       Parameters = {}
          Headers = {}

Handler:
             Type = null

Async:
    Async started = false
     Async result = null

Resolved Exception:
             Type = org.springframework.web.HttpRequestMethodNotSupportedException

ModelAndView:
        View name = null
             View = null
            Model = null

FlashMap:
       Attributes = null

MockHttpServletResponse:
           Status = 405
    Error message = Request method 'POST' not supported
          Headers = {Allow=[GET]}
     Content type = null
             Body = 
    Forwarded URL = null
   Redirected URL = null
          Cookies = []
2016-09-03 13:04:33.830  INFO 4568 --- [    Test worker] c.n.e.handle.GlobalExceptionHandler      : java.lang.Exception
2016-09-03 13:04:33.832 ERROR 4568 --- [    Test worker] c.n.e.handle.GlobalExceptionHandler      : error

java.lang.Exception: method to throw the exception handledd by Exception handler
	at com.narvar.controllers.GreetingController.postGreetingMessage(GreetingController.java:59) ~[main/:na]
	at sun.reflect.NativeMethodAccessorImpl.invoke0(Native Method) ~[na:1.8.0_102]
	at sun.reflect.NativeMethodAccessorImpl.invoke(NativeMethodAccessorImpl.java:62) ~[na:1.8.0_102]
	at sun.reflect.DelegatingMethodAccessorImpl.invoke(DelegatingMethodAccessorImpl.java:43) ~[na:1.8.0_102]
	at java.lang.reflect.Method.invoke(Method.java:498) ~[na:1.8.0_102]
	at org.springframework.web.method.support.InvocableHandlerMethod.doInvoke(InvocableHandlerMethod.java:221) ~[spring-web-4.3.2.RELEASE.jar:4.3.2.RELEASE]
	at org.springframework.web.method.support.InvocableHandlerMethod.invokeForRequest(InvocableHandlerMethod.java:136) ~[spring-web-4.3.2.RELEASE.jar:4.3.2.RELEASE]
	at org.springframework.web.servlet.mvc.method.annotation.ServletInvocableHandlerMethod.invokeAndHandle(ServletInvocableHandlerMethod.java:114) ~[spring-webmvc-4.3.2.RELEASE.jar:4.3.2.RELEASE]
	at org.springframework.web.servlet.mvc.method.annotation.RequestMappingHandlerAdapter.invokeHandlerMethod(RequestMappingHandlerAdapter.java:827) ~[spring-webmvc-4.3.2.RELEASE.jar:4.3.2.RELEASE]
	at org.springframework.web.servlet.mvc.method.annotation.RequestMappingHandlerAdapter.handleInternal(RequestMappingHandlerAdapter.java:738) ~[spring-webmvc-4.3.2.RELEASE.jar:4.3.2.RELEASE]
	at org.springframework.web.servlet.mvc.method.AbstractHandlerMethodAdapter.handle(AbstractHandlerMethodAdapter.java:85) ~[spring-webmvc-4.3.2.RELEASE.jar:4.3.2.RELEASE]
	at org.springframework.web.servlet.DispatcherServlet.doDispatch(DispatcherServlet.java:963) ~[spring-webmvc-4.3.2.RELEASE.jar:4.3.2.RELEASE]
	at org.springframework.web.servlet.DispatcherServlet.doService(DispatcherServlet.java:897) ~[spring-webmvc-4.3.2.RELEASE.jar:4.3.2.RELEASE]
	at org.springframework.web.servlet.FrameworkServlet.processRequest(FrameworkServlet.java:970) [spring-webmvc-4.3.2.RELEASE.jar:4.3.2.RELEASE]
	at org.springframework.web.servlet.FrameworkServlet.doPost(FrameworkServlet.java:872) [spring-webmvc-4.3.2.RELEASE.jar:4.3.2.RELEASE]
	at javax.servlet.http.HttpServlet.service(HttpServlet.java:648) ~[tomcat-embed-core-8.5.4.jar:8.5.4]
	at org.springframework.web.servlet.FrameworkServlet.service(FrameworkServlet.java:846) [spring-webmvc-4.3.2.RELEASE.jar:4.3.2.RELEASE]
	at org.springframework.test.web.servlet.TestDispatcherServlet.service(TestDispatcherServlet.java:65) [spring-test-4.3.2.RELEASE.jar:4.3.2.RELEASE]
	at javax.servlet.http.HttpServlet.service(HttpServlet.java:729) ~[tomcat-embed-core-8.5.4.jar:8.5.4]
	at org.springframework.mock.web.MockFilterChain$ServletFilterProxy.doFilter(MockFilterChain.java:167) [spring-test-4.3.2.RELEASE.jar:4.3.2.RELEASE]
	at org.springframework.mock.web.MockFilterChain.doFilter(MockFilterChain.java:134) [spring-test-4.3.2.RELEASE.jar:4.3.2.RELEASE]
	at org.springframework.web.filter.RequestContextFilter.doFilterInternal(RequestContextFilter.java:99) [spring-web-4.3.2.RELEASE.jar:4.3.2.RELEASE]
	at org.springframework.web.filter.OncePerRequestFilter.doFilter(OncePerRequestFilter.java:107) [spring-web-4.3.2.RELEASE.jar:4.3.2.RELEASE]
	at org.springframework.mock.web.MockFilterChain.doFilter(MockFilterChain.java:134) [spring-test-4.3.2.RELEASE.jar:4.3.2.RELEASE]
	at org.springframework.web.filter.HttpPutFormContentFilter.doFilterInternal(HttpPutFormContentFilter.java:87) [spring-web-4.3.2.RELEASE.jar:4.3.2.RELEASE]
	at org.springframework.web.filter.OncePerRequestFilter.doFilter(OncePerRequestFilter.java:107) [spring-web-4.3.2.RELEASE.jar:4.3.2.RELEASE]
	at org.springframework.mock.web.MockFilterChain.doFilter(MockFilterChain.java:134) [spring-test-4.3.2.RELEASE.jar:4.3.2.RELEASE]
	at org.springframework.web.filter.HiddenHttpMethodFilter.doFilterInternal(HiddenHttpMethodFilter.java:77) [spring-web-4.3.2.RELEASE.jar:4.3.2.RELEASE]
	at org.springframework.web.filter.OncePerRequestFilter.doFilter(OncePerRequestFilter.java:107) [spring-web-4.3.2.RELEASE.jar:4.3.2.RELEASE]
	at org.springframework.mock.web.MockFilterChain.doFilter(MockFilterChain.java:134) [spring-test-4.3.2.RELEASE.jar:4.3.2.RELEASE]
	at org.springframework.web.filter.CharacterEncodingFilter.doFilterInternal(CharacterEncodingFilter.java:197) [spring-web-4.3.2.RELEASE.jar:4.3.2.RELEASE]
	at org.springframework.web.filter.OncePerRequestFilter.doFilter(OncePerRequestFilter.java:107) [spring-web-4.3.2.RELEASE.jar:4.3.2.RELEASE]
	at org.springframework.mock.web.MockFilterChain.doFilter(MockFilterChain.java:134) [spring-test-4.3.2.RELEASE.jar:4.3.2.RELEASE]
	at org.springframework.test.web.servlet.MockMvc.perform(MockMvc.java:155) [spring-test-4.3.2.RELEASE.jar:4.3.2.RELEASE]
	at com.narvar.GreetingControllerTests.getGreetingExcpPost(GreetingControllerTests.java:45) [test/:na]
	at sun.reflect.NativeMethodAccessorImpl.invoke0(Native Method) ~[na:1.8.0_102]
	at sun.reflect.NativeMethodAccessorImpl.invoke(NativeMethodAccessorImpl.java:62) ~[na:1.8.0_102]
	at sun.reflect.DelegatingMethodAccessorImpl.invoke(DelegatingMethodAccessorImpl.java:43) ~[na:1.8.0_102]
	at java.lang.reflect.Method.invoke(Method.java:498) ~[na:1.8.0_102]
	at org.junit.runners.model.FrameworkMethod$1.runReflectiveCall(FrameworkMethod.java:50) [junit-4.12.jar:4.12]
	at org.junit.internal.runners.model.ReflectiveCallable.run(ReflectiveCallable.java:12) [junit-4.12.jar:4.12]
	at org.junit.runners.model.FrameworkMethod.invokeExplosively(FrameworkMethod.java:47) [junit-4.12.jar:4.12]
	at org.junit.internal.runners.statements.InvokeMethod.evaluate(InvokeMethod.java:17) [junit-4.12.jar:4.12]
	at org.springframework.test.context.junit4.statements.RunBeforeTestMethodCallbacks.evaluate(RunBeforeTestMethodCallbacks.java:75) [spring-test-4.3.2.RELEASE.jar:4.3.2.RELEASE]
	at org.springframework.test.context.junit4.statements.RunAfterTestMethodCallbacks.evaluate(RunAfterTestMethodCallbacks.java:86) [spring-test-4.3.2.RELEASE.jar:4.3.2.RELEASE]
	at org.springframework.test.context.junit4.statements.SpringRepeat.evaluate(SpringRepeat.java:84) [spring-test-4.3.2.RELEASE.jar:4.3.2.RELEASE]
	at org.junit.runners.ParentRunner.runLeaf(ParentRunner.java:325) [junit-4.12.jar:4.12]
	at org.springframework.test.context.junit4.SpringJUnit4ClassRunner.runChild(SpringJUnit4ClassRunner.java:252) [spring-test-4.3.2.RELEASE.jar:4.3.2.RELEASE]
	at org.springframework.test.context.junit4.SpringJUnit4ClassRunner.runChild(SpringJUnit4ClassRunner.java:94) [spring-test-4.3.2.RELEASE.jar:4.3.2.RELEASE]
	at org.junit.runners.ParentRunner$3.run(ParentRunner.java:290) [junit-4.12.jar:4.12]
	at org.junit.runners.ParentRunner$1.schedule(ParentRunner.java:71) [junit-4.12.jar:4.12]
	at org.junit.runners.ParentRunner.runChildren(ParentRunner.java:288) [junit-4.12.jar:4.12]
	at org.junit.runners.ParentRunner.access$000(ParentRunner.java:58) [junit-4.12.jar:4.12]
	at org.junit.runners.ParentRunner$2.evaluate(ParentRunner.java:268) [junit-4.12.jar:4.12]
	at org.springframework.test.context.junit4.statements.RunBeforeTestClassCallbacks.evaluate(RunBeforeTestClassCallbacks.java:61) [spring-test-4.3.2.RELEASE.jar:4.3.2.RELEASE]
	at org.springframework.test.context.junit4.statements.RunAfterTestClassCallbacks.evaluate(RunAfterTestClassCallbacks.java:70) [spring-test-4.3.2.RELEASE.jar:4.3.2.RELEASE]
	at org.junit.runners.ParentRunner.run(ParentRunner.java:363) [junit-4.12.jar:4.12]
	at org.springframework.test.context.junit4.SpringJUnit4ClassRunner.run(SpringJUnit4ClassRunner.java:191) [spring-test-4.3.2.RELEASE.jar:4.3.2.RELEASE]
	at org.gradle.api.internal.tasks.testing.junit.JUnitTestClassExecuter.runTestClass(JUnitTestClassExecuter.java:112) [gradle-testing-jvm-2.13.jar:2.13]
	at org.gradle.api.internal.tasks.testing.junit.JUnitTestClassExecuter.execute(JUnitTestClassExecuter.java:56) [gradle-testing-jvm-2.13.jar:2.13]
	at org.gradle.api.internal.tasks.testing.junit.JUnitTestClassProcessor.processTestClass(JUnitTestClassProcessor.java:66) [gradle-testing-jvm-2.13.jar:2.13]
	at org.gradle.api.internal.tasks.testing.SuiteTestClassProcessor.processTestClass(SuiteTestClassProcessor.java:51) [gradle-testing-base-2.13.jar:2.13]
	at sun.reflect.NativeMethodAccessorImpl.invoke0(Native Method) ~[na:1.8.0_102]
	at sun.reflect.NativeMethodAccessorImpl.invoke(NativeMethodAccessorImpl.java:62) ~[na:1.8.0_102]
	at sun.reflect.DelegatingMethodAccessorImpl.invoke(DelegatingMethodAccessorImpl.java:43) ~[na:1.8.0_102]
	at java.lang.reflect.Method.invoke(Method.java:498) ~[na:1.8.0_102]
	at org.gradle.messaging.dispatch.ReflectionDispatch.dispatch(ReflectionDispatch.java:35) [gradle-messaging-2.13.jar:2.13]
	at org.gradle.messaging.dispatch.ReflectionDispatch.dispatch(ReflectionDispatch.java:24) [gradle-messaging-2.13.jar:2.13]
	at org.gradle.messaging.dispatch.ContextClassLoaderDispatch.dispatch(ContextClassLoaderDispatch.java:32) [gradle-messaging-2.13.jar:2.13]
	at org.gradle.messaging.dispatch.ProxyDispatchAdapter$DispatchingInvocationHandler.invoke(ProxyDispatchAdapter.java:93) [gradle-messaging-2.13.jar:2.13]
	at com.sun.proxy.$Proxy2.processTestClass(Unknown Source) [na:na]
	at org.gradle.api.internal.tasks.testing.worker.TestWorker.processTestClass(TestWorker.java:109) [gradle-testing-base-2.13.jar:2.13]
	at sun.reflect.NativeMethodAccessorImpl.invoke0(Native Method) ~[na:1.8.0_102]
	at sun.reflect.NativeMethodAccessorImpl.invoke(NativeMethodAccessorImpl.java:62) ~[na:1.8.0_102]
	at sun.reflect.DelegatingMethodAccessorImpl.invoke(DelegatingMethodAccessorImpl.java:43) ~[na:1.8.0_102]
	at java.lang.reflect.Method.invoke(Method.java:498) ~[na:1.8.0_102]
	at org.gradle.messaging.dispatch.ReflectionDispatch.dispatch(ReflectionDispatch.java:35) [gradle-messaging-2.13.jar:2.13]
	at org.gradle.messaging.dispatch.ReflectionDispatch.dispatch(ReflectionDispatch.java:24) [gradle-messaging-2.13.jar:2.13]
	at org.gradle.messaging.remote.internal.hub.MessageHub$Handler.run(MessageHub.java:364) [gradle-messaging-2.13.jar:2.13]
	at org.gradle.internal.concurrent.ExecutorPolicy$CatchAndRecordFailures.onExecute(ExecutorPolicy.java:54) [gradle-base-services-2.13.jar:2.13]
	at org.gradle.internal.concurrent.StoppableExecutorImpl$1.run(StoppableExecutorImpl.java:40) [gradle-base-services-2.13.jar:2.13]
	at java.util.concurrent.ThreadPoolExecutor.runWorker(ThreadPoolExecutor.java:1142) [na:1.8.0_102]
	at java.util.concurrent.ThreadPoolExecutor$Worker.run(ThreadPoolExecutor.java:617) [na:1.8.0_102]
	at java.lang.Thread.run(Thread.java:745) [na:1.8.0_102]


MockHttpServletRequest:
      HTTP Method = POST
      Request URI = /greetingException
       Parameters = {}
          Headers = {}

Handler:
             Type = com.narvar.controllers.GreetingController
           Method = public com.narvar.controllers.Greeting com.narvar.controllers.GreetingController.postGreetingMessage() throws java.lang.Exception

Async:
    Async started = false
     Async result = null

Resolved Exception:
             Type = java.lang.Exception

ModelAndView:
        View name = null
             View = null
            Model = null

FlashMap:
       Attributes = null

MockHttpServletResponse:
           Status = 500
    Error message = null
          Headers = {Content-Type=[application/json;charset=UTF-8]}
     Content type = application/json;charset=UTF-8
             Body = {"status":"INTERNAL_SERVER_ERROR","message":"method to throw the exception handledd by Exception handler","errors":["Internal Server Error occured"]}
    Forwarded URL = null
   Redirected URL = null
          Cookies = []

MockHttpServletRequest:
      HTTP Method = POST
      Request URI = /greetingException
       Parameters = {}
          Headers = {}

Handler:
             Type = com.narvar.controllers.GreetingController
           Method = public com.narvar.controllers.Greeting com.narvar.controllers.GreetingController.postGreetingMessage() throws java.lang.Exception

Async:
    Async started = false
     Async result = null

Resolved Exception:
             Type = java.lang.Exception

ModelAndView:
        View name = null
             View = null
            Model = null

FlashMap:
       Attributes = null

MockHttpServletResponse:
           Status = 500
    Error message = null
          Headers = {Content-Type=[application/json;charset=UTF-8]}
     Content type = application/json;charset=UTF-8
             Body = {"status":"INTERNAL_SERVER_ERROR","message":"method to throw the exception handledd by Exception handler","errors":["Internal Server Error occured"]}
    Forwarded URL = null
   Redirected URL = null
          Cookies = []

MockHttpServletRequest:
      HTTP Method = POST
      Request URI = /greetingPost
       Parameters = {}
          Headers = {Content-Type=[application/x-www-form-urlencoded;charset=UTF-8]}

Handler:
             Type = null

Async:
    Async started = false
     Async result = null

Resolved Exception:
             Type = org.springframework.web.HttpMediaTypeNotSupportedException

ModelAndView:
        View name = null
             View = null
            Model = null

FlashMap:
       Attributes = null

MockHttpServletResponse:
           Status = 415
    Error message = null
          Headers = {Accept=[application/json, application/xml]}
     Content type = null
             Body = 
    Forwarded URL = null
   Redirected URL = null
          Cookies = []

MockHttpServletRequest:
      HTTP Method = POST
      Request URI = /greetingPost
       Parameters = {}
          Headers = {Content-Type=[application/x-www-form-urlencoded;charset=UTF-8]}

Handler:
             Type = null

Async:
    Async started = false
     Async result = null

Resolved Exception:
             Type = org.springframework.web.HttpMediaTypeNotSupportedException

ModelAndView:
        View name = null
             View = null
            Model = null

FlashMap:
       Attributes = null

MockHttpServletResponse:
           Status = 415
    Error message = null
          Headers = {Accept=[application/json, application/xml]}
     Content type = null
             Body = 
    Forwarded URL = null
   Redirected URL = null
          Cookies = []

MockHttpServletRequest:
      HTTP Method = GET
      Request URI = /greeting
       Parameters = {}
          Headers = {}

Handler:
             Type = com.narvar.controllers.GreetingController
           Method = public com.narvar.controllers.Greeting com.narvar.controllers.GreetingController.greeting(java.lang.String) throws java.lang.Exception

Async:
    Async started = false
     Async result = null

Resolved Exception:
             Type = null

ModelAndView:
        View name = null
             View = null
            Model = null

FlashMap:
       Attributes = null

MockHttpServletResponse:
           Status = 200
    Error message = null
          Headers = {Content-Type=[application/json;charset=UTF-8]}
     Content type = application/json;charset=UTF-8
             Body = {"id":1,"content":"Hello, World!"}
    Forwarded URL = null
   Redirected URL = null
          Cookies = []

MockHttpServletRequest:
      HTTP Method = GET
      Request URI = /greeting
       Parameters = {}
          Headers = {}

Handler:
             Type = com.narvar.controllers.GreetingController
           Method = public com.narvar.controllers.Greeting com.narvar.controllers.GreetingController.greeting(java.lang.String) throws java.lang.Exception

Async:
    Async started = false
     Async result = null

Resolved Exception:
             Type = null

ModelAndView:
        View name = null
             View = null
            Model = null

FlashMap:
       Attributes = null

MockHttpServletResponse:
           Status = 200
    Error message = null
          Headers = {Content-Type=[application/json;charset=UTF-8]}
     Content type = application/json;charset=UTF-8
             Body = {"id":1,"content":"Hello, World!"}
    Forwarded URL = null
   Redirected URL = null
          Cookies = []

MockHttpServletRequest:
      HTTP Method = GET
      Request URI = /jsonRequest/123
       Parameters = {}
          Headers = {}

Handler:
             Type = org.springframework.web.servlet.resource.ResourceHttpRequestHandler

Async:
    Async started = false
     Async result = null

Resolved Exception:
             Type = null

ModelAndView:
        View name = null
             View = null
            Model = null

FlashMap:
       Attributes = null

MockHttpServletResponse:
           Status = 404
    Error message = null
          Headers = {}
     Content type = null
             Body = 
    Forwarded URL = null
   Redirected URL = null
          Cookies = []

MockHttpServletRequest:
      HTTP Method = GET
      Request URI = /jsonRequest/123
       Parameters = {}
          Headers = {}

Handler:
             Type = org.springframework.web.servlet.resource.ResourceHttpRequestHandler

Async:
    Async started = false
     Async result = null

Resolved Exception:
             Type = null

ModelAndView:
        View name = null
             View = null
            Model = null

FlashMap:
       Attributes = null

MockHttpServletResponse:
           Status = 404
    Error message = null
          Headers = {}
     Content type = null
             Body = 
    Forwarded URL = null
   Redirected URL = null
          Cookies = []
]]></system-out>
  <system-err><![CDATA[]]></system-err>
</testsuite>
